"/Users/anirul/Documents/Unreal Projects/Lost/Lost.uproject" 1
"../../../Engine/Plugins/2D/Paper2D/Paper2D.uplugin" 2
"../../../Engine/Plugins/Developer/BlankPlugin/BlankPlugin.uplugin" 3
"../../../Engine/Plugins/Developer/PerforceSourceControl/PerforceSourceControl.uplugin" 4
"../../../Engine/Plugins/Developer/SubversionSourceControl/SubversionSourceControl.uplugin" 5
"../../../Engine/Plugins/Developer/UObjectPlugin/UObjectPlugin.uplugin" 6
"../../../Engine/Plugins/Developer/VisualStudioSourceCodeAccess/VisualStudioSourceCodeAccess.uplugin" 7
"../../../Engine/Plugins/Developer/XCodeSourceCodeAccess/XCodeSourceCodeAccess.uplugin" 8
"../../../Engine/Plugins/Editor/EpicSurvey/EpicSurvey.uplugin" 9
"../../../Engine/Plugins/Editor/MacGraphicsSwitching/MacGraphicsSwitching.uplugin" 10
"../../../Engine/Plugins/Editor/PluginsEditor/PluginsEditor.uplugin" 11
"../../../Engine/Plugins/Editor/SpeedTreeImporter/SpeedTreeImporter.uplugin" 12
"../../../Engine/Plugins/Experimental/BlueprintStats/BlueprintStats.uplugin" 13
"../../../Engine/Plugins/Experimental/CharacterAI/CharacterAI.uplugin" 14
"../../../Engine/Plugins/Experimental/CodeView/CodeView.uplugin" 15
"../../../Engine/Plugins/Experimental/LiveEditor/LiveEditor.uplugin" 16
"../../../Engine/Plugins/Experimental/Phya/Phya.uplugin" 17
"../../../Engine/Plugins/Experimental/SteamVR/SteamVR.uplugin" 18
"../../../Engine/Plugins/Media/AvfMedia/AvfMedia.uplugin" 19
"../../../Engine/Plugins/Media/MediaPlayerEditor/MediaPlayerEditor.uplugin" 20
"../../../Engine/Plugins/Media/WmfMedia/WmfMedia.uplugin" 21
"../../../Engine/Plugins/Messaging/MessagingDebugger/MessagingDebugger.uplugin" 22
"../../../Engine/Plugins/Messaging/ShmMessaging/ShmMessaging.uplugin" 23
"../../../Engine/Plugins/Messaging/UdpMessaging/UdpMessaging.uplugin" 24
"../../../Engine/Plugins/Runtime/Advertising/IOSTapJoy/IOSTapJoy.uplugin" 25
"../../../Engine/Plugins/Runtime/Analytics/AnalyticsBlueprintLibrary/AnalyticsBlueprintLibrary.uplugin" 26
"../../../Engine/Plugins/Runtime/Analytics/Apsalar/IOSApsalar/IOSApsalar.uplugin" 27
"../../../Engine/Plugins/Runtime/Analytics/FileLogging/FileLogging.uplugin" 28
"../../../Engine/Plugins/Runtime/AndroidDeviceProfileSelector/AndroidDeviceProfileSelector.uplugin" 29
"../../../Engine/Plugins/Runtime/AppleMoviePlayer/AppleMoviePlayer.uplugin" 30
"../../../Engine/Plugins/Runtime/CableComponent/CableComponent.uplugin" 31
"../../../Engine/Plugins/Runtime/CustomMeshComponent/CustomMeshComponent.uplugin" 32
"../../../Engine/Plugins/Runtime/ExampleDeviceProfileSelector/ExampleDeviceProfileSelector.uplugin" 33
"../../../Engine/Plugins/Runtime/IOSDeviceProfileSelector/IOSDeviceProfileSelector.uplugin" 34
"../../../Engine/Plugins/Runtime/LiveEditorListenServer/LiveEditorListenServer.uplugin" 35
"../../../Engine/Plugins/Runtime/OculusRift/OculusRift.uplugin" 36
"../../../Engine/Plugins/Runtime/SoundMod/SoundMod.uplugin" 37
"../../../Engine/Plugins/Runtime/SoundVisualizations/SoundVisualizations.uplugin" 38
"../../../Engine/Plugins/Runtime/TwitchLiveStreaming/TwitchLiveStreaming.uplugin" 39
"../../../Engine/Plugins/Runtime/WindowsDeviceProfileSelector/WindowsDeviceProfileSelector.uplugin" 40
"../../../Engine/Plugins/Runtime/WindowsMoviePlayer/WindowsMoviePlayer.uplugin" 41
"../../../Engine/Plugins/ScriptGeneratorPlugin/ScriptGeneratorPlugin.uplugin" 42
"../../../Engine/Plugins/ScriptPlugin/ScriptPlugin.uplugin" 43
"../../../Engine/Plugins/Slate/SlateRemote/SlateRemote.uplugin" 44
"../../../Engine/Content/Internationalization/icudt53l/cnvalias.icu" 45
"../../../Engine/Content/Internationalization/icudt53l/en_US_POSIX.res" 46
"../../../Engine/Content/Internationalization/icudt53l/pool.res" 47
"../../../Engine/Content/Internationalization/icudt53l/en_US.res" 48
"../../../Engine/Content/Internationalization/icudt53l/en.res" 49
"../../../Engine/Content/Internationalization/icudt53l/root.res" 50
"../../../Engine/Content/Internationalization/icudt53l/coll/ucadata.icu" 51
"../../../Engine/Content/Internationalization/icudt53l/nfc.nrm" 52
"../../../Engine/Content/Internationalization/icudt53l/coll/en_US_POSIX.res" 53
"../../../Engine/Content/Internationalization/icudt53l/coll/en_US.res" 54
"../../../Engine/Content/Internationalization/icudt53l/coll/en.res" 55
"../../../Engine/Content/Internationalization/icudt53l/coll/root.res" 56
"../../../Engine/Content/Internationalization/icudt53l/numberingSystems.res" 57
"../../../Engine/Content/Internationalization/icudt53l/curr/supplementalData.res" 58
"../../../Engine/Content/Internationalization/icudt53l/curr/pool.res" 59
"../../../Engine/Content/Internationalization/icudt53l/curr/en.res" 60
"../../../Engine/Content/Internationalization/icudt53l/curr/root.res" 61
"../../../Engine/Content/Internationalization/icudt53l/plurals.res" 62
"../../../Engine/Content/Internationalization/icudt53l/zoneinfo64.res" 63
"../../../Engine/Content/Internationalization/icudt53l/keyTypeData.res" 64
"../../../Engine/Content/Internationalization/icudt53l/timezoneTypes.res" 65
"../../../Engine/Content/Internationalization/icudt53l/supplementalData.res" 66
"../../../Engine/Content/Internationalization/icudt53l/likelySubtags.res" 67
"/Users/anirul/Library/Application Support/Epic/Epic Games/KeyValueStore.ini" 68
"../../../Engine/Config/Base.ini" 69
"../../../Engine/Config/BaseEngine.ini" 70
"../../../../../../anirul/Documents/Unreal Projects/Lost/Config/DefaultEngine.ini" 71
"../../../Engine/Config/Mac/MacEngine.ini" 72
"/Users/anirul/Library/Preferences/Unreal Engine/LostEditor/Mac/Engine.ini" 73
"/Users/anirul/Library/Preferences/Unreal Engine/LostEditor/CleanSourceConfigs/Engine.ini" 74
"../../../Engine/Config/BaseGame.ini" 75
"../../../../../../anirul/Documents/Unreal Projects/Lost/Config/DefaultGame.ini" 76
"/Users/anirul/Library/Preferences/Unreal Engine/LostEditor/Mac/Game.ini" 77
"/Users/anirul/Library/Preferences/Unreal Engine/LostEditor/CleanSourceConfigs/Game.ini" 78
"../../../Engine/Config/BaseInput.ini" 79
"../../../../../../anirul/Documents/Unreal Projects/Lost/Config/DefaultInput.ini" 80
"/Users/anirul/Library/Preferences/Unreal Engine/LostEditor/Mac/Input.ini" 81
"/Users/anirul/Library/Preferences/Unreal Engine/LostEditor/CleanSourceConfigs/Input.ini" 82
"../../../Engine/Config/BaseEditor.ini" 83
"../../../../../../anirul/Documents/Unreal Projects/Lost/Config/DefaultEditor.ini" 84
"/Users/anirul/Library/Preferences/Unreal Engine/LostEditor/Mac/Editor.ini" 85
"/Users/anirul/Library/Preferences/Unreal Engine/LostEditor/CleanSourceConfigs/Editor.ini" 86
"../../../Engine/Config/BaseEditorLayout.ini" 87
"/Users/anirul/Library/Preferences/Unreal Engine/LostEditor/Mac/EditorLayout.ini" 88
"/Users/anirul/Library/Preferences/Unreal Engine/LostEditor/CleanSourceConfigs/EditorLayout.ini" 89
"../../../Engine/Config/BaseEditorUserSettings.ini" 90
"../../../Engine/Config/Mac/MacEditorUserSettings.ini" 91
"/Users/anirul/Library/Preferences/Unreal Engine/LostEditor/Mac/EditorUserSettings.ini" 92
"/Users/anirul/Library/Preferences/Unreal Engine/LostEditor/CleanSourceConfigs/EditorUserSettings.ini" 93
"../../../Engine/Config/BaseEditorKeyBindings.ini" 94
"/Users/anirul/Library/Preferences/Unreal Engine/LostEditor/Mac/EditorKeyBindings.ini" 95
"/Users/anirul/Library/Preferences/Unreal Engine/LostEditor/CleanSourceConfigs/EditorKeyBindings.ini" 96
"../../../Engine/Config/BaseCompat.ini" 97
"/Users/anirul/Library/Preferences/Unreal Engine/LostEditor/Mac/Compat.ini" 98
"/Users/anirul/Library/Preferences/Unreal Engine/LostEditor/CleanSourceConfigs/Compat.ini" 99
"../../../Engine/Config/BaseLightmass.ini" 100
"/Users/anirul/Library/Preferences/Unreal Engine/LostEditor/Mac/Lightmass.ini" 101
"/Users/anirul/Library/Preferences/Unreal Engine/LostEditor/CleanSourceConfigs/Lightmass.ini" 102
"../../../Engine/Config/BaseScalability.ini" 103
"/Users/anirul/Library/Preferences/Unreal Engine/LostEditor/Mac/Scalability.ini" 104
"/Users/anirul/Library/Preferences/Unreal Engine/LostEditor/CleanSourceConfigs/Scalability.ini" 105
"/Users/anirul/Library/Preferences/Unreal Engine/LostEditor/Mac/GameUserSettings.ini" 106
"/Users/anirul/Library/Preferences/Unreal Engine/LostEditor/CleanSourceConfigs/GameUserSettings.ini" 107
"../../../Engine/Config/BaseDeviceProfiles.ini" 108
"/Users/anirul/Library/Preferences/Unreal Engine/LostEditor/Mac/DeviceProfiles.ini" 109
"/Users/anirul/Library/Preferences/Unreal Engine/LostEditor/CleanSourceConfigs/DeviceProfiles.ini" 110
"../../../Engine/Config/ConsoleVariables.ini" 111
"../../../Engine/Content/Internationalization/icudt53l/es.res" 112
"../../../Engine/Content/Internationalization/icudt53l/coll/es.res" 113
"../../../Engine/Content/Internationalization/icudt53l/curr/es.res" 114
"../../../Engine/Content/Internationalization/icudt53l/es_ES.res" 115
"../../../Engine/Content/Internationalization/icudt53l/ja.res" 116
"../../../Engine/Content/Internationalization/icudt53l/coll/ja.res" 117
"../../../Engine/Content/Internationalization/icudt53l/curr/ja.res" 118
"../../../Engine/Content/Internationalization/icudt53l/ja_JP.res" 119
"../../../Engine/Content/Internationalization/icudt53l/ko.res" 120
"../../../Engine/Content/Internationalization/icudt53l/coll/ko.res" 121
"../../../Engine/Content/Internationalization/icudt53l/curr/ko.res" 122
"../../../Engine/Content/Internationalization/icudt53l/ko_KR.res" 123
"../../../Engine/Content/Internationalization/icudt53l/pt_BR.res" 124
"../../../Engine/Content/Internationalization/icudt53l/pt.res" 125
"../../../Engine/Content/Internationalization/icudt53l/coll/pt.res" 126
"../../../Engine/Content/Internationalization/icudt53l/curr/pt.res" 127
"../../../Engine/Content/Internationalization/icudt53l/zh_CN.res" 128
"../../../Engine/Content/Internationalization/icudt53l/zh_Hans_CN.res" 129
"../../../Engine/Content/Internationalization/icudt53l/zh_Hans.res" 130
"../../../Engine/Content/Internationalization/icudt53l/zh.res" 131
"../../../Engine/Content/Internationalization/icudt53l/coll/zh_CN.res" 132
"../../../Engine/Content/Internationalization/icudt53l/coll/zh_Hans_CN.res" 133
"../../../Engine/Content/Internationalization/icudt53l/coll/zh_Hans.res" 134
"../../../Engine/Content/Internationalization/icudt53l/coll/zh.res" 135
"../../../Engine/Content/Internationalization/icudt53l/curr/zh_CN.res" 136
"../../../Engine/Content/Internationalization/icudt53l/curr/zh_Hans_CN.res" 137
"../../../Engine/Content/Internationalization/icudt53l/curr/zh_Hans.res" 138
"../../../Engine/Content/Internationalization/icudt53l/curr/zh.res" 139
"/Users/Shared/UnrealEngine/4.6/Engine/Content/Localization/Editor/en/Editor.locres" 140
"/Users/Shared/UnrealEngine/4.6/Engine/Content/Localization/EditorTutorials/en/EditorTutorials.locres" 141
"/Users/Shared/UnrealEngine/4.6/Engine/Content/Localization/Engine/en/Engine.locres" 142
"../../../Engine/Content/Slate/Fonts/Roboto-Regular.ttf" 143
"../../../Engine/Content/Slate/Fonts/Roboto-Bold.ttf" 144
"../../../Engine/Content/Slate/Fonts/Roboto-Light.ttf" 145
"../../../Engine/Content/Slate/Fonts/DroidSansMono.ttf" 146
"/Users/Shared/UnrealEngine/4.6/Engine/Binaries/Mac/../../../Engine/Shaders/ParticleSpriteVertexFactory.usf" 147
"/Users/Shared/UnrealEngine/4.6/Engine/Binaries/Mac/../../../Engine/Shaders/VertexFactoryCommon.usf" 148
"/Users/Shared/UnrealEngine/4.6/Engine/Binaries/Mac/../../../Engine/Shaders/Common.usf" 149
"/Users/Shared/UnrealEngine/4.6/Engine/Binaries/Mac/../../../Engine/Shaders/ShaderVersion.usf" 150
"/Users/Shared/UnrealEngine/4.6/Engine/Binaries/Mac/../../../Engine/Shaders/Definitions.usf" 151
"/Users/Shared/UnrealEngine/4.6/Engine/Binaries/Mac/../../../Engine/Shaders/Random.usf" 152
"/Users/Shared/UnrealEngine/4.6/Engine/Binaries/Mac/../../../Engine/Shaders/ParticleVertexFactoryCommon.usf" 153
"/Users/Shared/UnrealEngine/4.6/Engine/Binaries/Mac/../../../Engine/Shaders/ParticleGPUSpriteVertexFactory.usf" 154
"/Users/Shared/UnrealEngine/4.6/Engine/Binaries/Mac/../../../Engine/Shaders/ParticleBeamTrailVertexFactory.usf" 155
"/Users/Shared/UnrealEngine/4.6/Engine/Binaries/Mac/../../../Engine/Shaders/VectorFieldVisualizationVertexFactory.usf" 156
"/Users/Shared/UnrealEngine/4.6/Engine/Binaries/Mac/../../../Engine/Shaders/LocalVertexFactory.usf" 157
"/Users/Shared/UnrealEngine/4.6/Engine/Binaries/Mac/../../../Engine/Shaders/LocalVertexFactoryCommon.usf" 158
"/Users/Shared/UnrealEngine/4.6/Engine/Binaries/Mac/../../../Engine/Shaders/MeshParticleVertexFactory.usf" 159
"/Users/Shared/UnrealEngine/4.6/Engine/Binaries/Mac/../../../Engine/Shaders/GpuSkinVertexFactory.usf" 160
"/Users/Shared/UnrealEngine/4.6/Engine/Binaries/Mac/../../../Engine/Shaders/GpuSkinCacheCommon.usf" 161
"/Users/Shared/UnrealEngine/4.6/Engine/Binaries/Mac/../../../Engine/Shaders/LandscapeVertexFactory.usf" 162
"/Users/Shared/UnrealEngine/4.6/Engine/Binaries/Mac/../../../Engine/Shaders/SlateElementPixelShader.usf" 163
"/Users/Shared/UnrealEngine/4.6/Engine/Binaries/Mac/../../../Engine/Shaders/MaterialTemplate.usf" 164
"/Users/Shared/UnrealEngine/4.6/Engine/Binaries/Mac/../../../Engine/Shaders/DepthOfFieldCommon.usf" 165
"/Users/Shared/UnrealEngine/4.6/Engine/Binaries/Mac/../../../Engine/Shaders/SpeedTreeCommon.usf" 166
"/Users/Shared/UnrealEngine/4.6/Engine/Binaries/Mac/../../../Engine/Shaders/AtmosphereCommon.usf" 167
"/Users/Shared/UnrealEngine/4.6/Engine/Binaries/Mac/../../../Engine/Shaders/PostProcessCommon.usf" 168
"/Users/Shared/UnrealEngine/4.6/Engine/Binaries/Mac/../../../Engine/Shaders/DeferredShadingCommon.usf" 169
"/Users/Shared/UnrealEngine/4.6/Engine/Binaries/Mac/../../../Engine/Shaders/LightAccumulator.usf" 170
"/Users/Shared/UnrealEngine/4.6/Engine/Binaries/Mac/../../../Engine/Shaders/SlateVertexShader.usf" 171
"/Users/Shared/UnrealEngine/4.6/Engine/Binaries/Mac/../../../Engine/Shaders/OneColorShader.usf" 172
"/Users/Shared/UnrealEngine/4.6/Engine/Binaries/Mac/../../../Engine/Shaders/VisualizeTexture.usf" 173
"/Users/Shared/UnrealEngine/4.6/Engine/Binaries/Mac/../../../Engine/Shaders/ScreenSpaceReflections.usf" 174
"/Users/Shared/UnrealEngine/4.6/Engine/Binaries/Mac/../../../Engine/Shaders/BRDF.usf" 175
"/Users/Shared/UnrealEngine/4.6/Engine/Binaries/Mac/../../../Engine/Shaders/MonteCarlo.usf" 176
"/Users/Shared/UnrealEngine/4.6/Engine/Binaries/Mac/../../../Engine/Shaders/PostProcessBloom.usf" 177
"/Users/Shared/UnrealEngine/4.6/Engine/Binaries/Mac/../../../Engine/Shaders/FilterVertexShader.usf" 178
"/Users/Shared/UnrealEngine/4.6/Engine/Binaries/Mac/../../../Engine/Shaders/FilterPixelShader.usf" 179
"/Users/Shared/UnrealEngine/4.6/Engine/Binaries/Mac/../../../Engine/Shaders/PostProcessVisualizeHDR.usf" 180
"/Users/Shared/UnrealEngine/4.6/Engine/Binaries/Mac/../../../Engine/Shaders/PostProcessHistogramCommon.usf" 181
"/Users/Shared/UnrealEngine/4.6/Engine/Binaries/Mac/../../../Engine/Shaders/TonemapCommon.usf" 182
"/Users/Shared/UnrealEngine/4.6/Engine/Binaries/Mac/../../../Engine/Shaders/MiniFontCommon.usf" 183
"/Users/Shared/UnrealEngine/4.6/Engine/Binaries/Mac/../../../Engine/Shaders/PostProcessVisualizeBuffer.usf" 184
"/Users/Shared/UnrealEngine/4.6/Engine/Binaries/Mac/../../../Engine/Shaders/PostProcessUpscale.usf" 185
"/Users/Shared/UnrealEngine/4.6/Engine/Binaries/Mac/../../../Engine/Shaders/PostProcessTonemap.usf" 186
"/Users/Shared/UnrealEngine/4.6/Engine/Binaries/Mac/../../../Engine/Shaders/PostProcessTestImage.usf" 187
"/Users/Shared/UnrealEngine/4.6/Engine/Binaries/Mac/../../../Engine/Shaders/PostProcessTemporalAA.usf" 188
"/Users/Shared/UnrealEngine/4.6/Engine/Binaries/Mac/../../../Engine/Shaders/PostProcessTemporalCommon.usf" 189
"/Users/Shared/UnrealEngine/4.6/Engine/Binaries/Mac/../../../Engine/Shaders/PostProcessSubsurface.usf" 190
"/Users/Shared/UnrealEngine/4.6/Engine/Binaries/Mac/../../../Engine/Shaders/SeparableSSS.usf" 191
"/Users/Shared/UnrealEngine/4.6/Engine/Binaries/Mac/../../../Engine/Shaders/PostProcessSelectionOutline.usf" 192
"/Users/Shared/UnrealEngine/4.6/Engine/Binaries/Mac/../../../Engine/Shaders/PostProcessSceneColorFringe.usf" 193
"/Users/Shared/UnrealEngine/4.6/Engine/Binaries/Mac/../../../Engine/Shaders/PostProcessNoiseBlur.usf" 194
"/Users/Shared/UnrealEngine/4.6/Engine/Binaries/Mac/../../../Engine/Shaders/PostProcessMotionBlur.usf" 195
"/Users/Shared/UnrealEngine/4.6/Engine/Binaries/Mac/../../../Engine/Shaders/PostProcessMobile.usf" 196
"/Users/Shared/UnrealEngine/4.6/Engine/Binaries/Mac/../../../Engine/Shaders/PostProcessMaterialShaders.usf" 197
"/Users/Shared/UnrealEngine/4.6/Engine/Binaries/Mac/../../../Engine/Shaders/PostProcessLensFlares.usf" 198
"/Users/Shared/UnrealEngine/4.6/Engine/Binaries/Mac/../../../Engine/Shaders/PostProcessLensBlur.usf" 199
"/Users/Shared/UnrealEngine/4.6/Engine/Binaries/Mac/../../../Engine/Shaders/PostProcessHistogramReduce.usf" 200
"/Users/Shared/UnrealEngine/4.6/Engine/Binaries/Mac/../../../Engine/Shaders/PostProcessHistogram.usf" 201
"/Users/Shared/UnrealEngine/4.6/Engine/Binaries/Mac/../../../Engine/Shaders/PostProcessHMD.usf" 202
"/Users/Shared/UnrealEngine/4.6/Engine/Binaries/Mac/../../../Engine/Shaders/PostProcessGBufferHints.usf" 203
"/Users/Shared/UnrealEngine/4.6/Engine/Binaries/Mac/../../../Engine/Shaders/PostProcessEyeAdaptation.usf" 204
"/Users/Shared/UnrealEngine/4.6/Engine/Binaries/Mac/../../../Engine/Shaders/PostProcessDownsample.usf" 205
"/Users/Shared/UnrealEngine/4.6/Engine/Binaries/Mac/../../../Engine/Shaders/PostProcessDOF.usf" 206
"/Users/Shared/UnrealEngine/4.6/Engine/Binaries/Mac/../../../Engine/Shaders/PostProcessCompositeEditorPrimitives.usf" 207
"/Users/Shared/UnrealEngine/4.6/Engine/Binaries/Mac/../../../Engine/Shaders/PostProcessCombineLUTs.usf" 208
"/Users/Shared/UnrealEngine/4.6/Engine/Binaries/Mac/../../../Engine/Shaders/PostProcessBusyWait.usf" 209
"/Users/Shared/UnrealEngine/4.6/Engine/Binaries/Mac/../../../Engine/Shaders/PostProcessBokehDOF.usf" 210
"/Users/Shared/UnrealEngine/4.6/Engine/Binaries/Mac/../../../Engine/Shaders/FXAAShader.usf" 211
"/Users/Shared/UnrealEngine/4.6/Engine/Binaries/Mac/../../../Engine/Shaders/Fxaa3_11.usf" 212
"/Users/Shared/UnrealEngine/4.6/Engine/Binaries/Mac/../../../Engine/Shaders/PostProcessPassThrough.usf" 213
"/Users/Shared/UnrealEngine/4.6/Engine/Binaries/Mac/../../../Engine/Shaders/PostProcessLpvIndirect.usf" 214
"/Users/Shared/UnrealEngine/4.6/Engine/Binaries/Mac/../../../Engine/Shaders/DeferredLightingCommon.usf" 215
"/Users/Shared/UnrealEngine/4.6/Engine/Binaries/Mac/../../../Engine/Shaders/DynamicLightingCommon.usf" 216
"/Users/Shared/UnrealEngine/4.6/Engine/Binaries/Mac/../../../Engine/Shaders/IESLightProfilesCommon.usf" 217
"/Users/Shared/UnrealEngine/4.6/Engine/Binaries/Mac/../../../Engine/Shaders/LPVFinalPass.usf" 218
"/Users/Shared/UnrealEngine/4.6/Engine/Binaries/Mac/../../../Engine/Shaders/LPVCommon.usf" 219
"/Users/Shared/UnrealEngine/4.6/Engine/Binaries/Mac/../../../Engine/Shaders/DeferredDecal.usf" 220
"/Users/Shared/UnrealEngine/4.6/Engine/Binaries/Mac/../../../Engine/Shaders/PostProcessAmbientOcclusion.usf" 221
"/Users/Shared/UnrealEngine/4.6/Engine/Binaries/Mac/../../../Engine/Shaders/PostProcessAmbient.usf" 222
"/Users/Shared/UnrealEngine/4.6/Engine/Binaries/Mac/../../../Engine/Shaders/CubemapCommon.usf" 223
"/Users/Shared/UnrealEngine/4.6/Engine/Binaries/Mac/../../../Engine/Shaders/VelocityShader.usf" 224
"/Users/Shared/UnrealEngine/4.6/Engine/Binaries/Mac/../../../Engine/Shaders/Tessellation.usf" 225
"/Users/Shared/UnrealEngine/4.6/Engine/Binaries/Mac/../../../Engine/Shaders/FlatTessellation.usf" 226
"/Users/Shared/UnrealEngine/4.6/Engine/Binaries/Mac/../../../Engine/Shaders/PNTriangles.usf" 227
"/Users/Shared/UnrealEngine/4.6/Engine/Binaries/Mac/../../../Engine/Shaders/TranslucentLightingShaders.usf" 228
"/Users/Shared/UnrealEngine/4.6/Engine/Binaries/Mac/../../../Engine/Shaders/SHCommon.usf" 229
"/Users/Shared/UnrealEngine/4.6/Engine/Binaries/Mac/../../../Engine/Shaders/ShadowProjectionCommon.usf" 230
"/Users/Shared/UnrealEngine/4.6/Engine/Binaries/Mac/../../../Engine/Shaders/TranslucentLightInjectionShaders.usf" 231
"/Users/Shared/UnrealEngine/4.6/Engine/Binaries/Mac/../../../Engine/Shaders/LightFunctionCommon.usf" 232
"/Users/Shared/UnrealEngine/4.6/Engine/Binaries/Mac/../../../Engine/Shaders/TranslucentShadowDepthShaders.usf" 233
"/Users/Shared/UnrealEngine/4.6/Engine/Binaries/Mac/../../../Engine/Shaders/ShadowDepthCommon.usf" 234
"/Users/Shared/UnrealEngine/4.6/Engine/Binaries/Mac/../../../Engine/Shaders/TiledDeferredLightShaders.usf" 235
"/Users/Shared/UnrealEngine/4.6/Engine/Binaries/Mac/../../../Engine/Shaders/ShadowProjectionPixelShader.usf" 236
"/Users/Shared/UnrealEngine/4.6/Engine/Binaries/Mac/../../../Engine/Shaders/ShadowFilteringCommon.usf" 237
"/Users/Shared/UnrealEngine/4.6/Engine/Binaries/Mac/../../../Engine/Shaders/ShadowProjectionVertexShader.usf" 238
"/Users/Shared/UnrealEngine/4.6/Engine/Binaries/Mac/../../../Engine/Shaders/ShadowDepthPixelShader.usf" 239
"/Users/Shared/UnrealEngine/4.6/Engine/Binaries/Mac/../../../Engine/Shaders/LPVWriteVplCommon.usf" 240
"/Users/Shared/UnrealEngine/4.6/Engine/Binaries/Mac/../../../Engine/Shaders/LPVWriteCommon.usf" 241
"/Users/Shared/UnrealEngine/4.6/Engine/Binaries/Mac/../../../Engine/Shaders/ShadowDepthVertexShader.usf" 242
"/Users/Shared/UnrealEngine/4.6/Engine/Binaries/Mac/../../../Engine/Shaders/ShaderComplexityApplyPixelShader.usf" 243
"/Users/Shared/UnrealEngine/4.6/Engine/Binaries/Mac/../../../Engine/Shaders/ShaderComplexityApplyVertexShader.usf" 244
"/Users/Shared/UnrealEngine/4.6/Engine/Binaries/Mac/../../../Engine/Shaders/ShaderComplexityAccumulatePixelShader.usf" 245
"/Users/Shared/UnrealEngine/4.6/Engine/Binaries/Mac/../../../Engine/Shaders/HZBOcclusion.usf" 246
"/Users/Shared/UnrealEngine/4.6/Engine/Binaries/Mac/../../../Engine/Shaders/OcclusionQueryVertexShader.usf" 247
"/Users/Shared/UnrealEngine/4.6/Engine/Binaries/Mac/../../../Engine/Shaders/HitProxyPixelShader.usf" 248
"/Users/Shared/UnrealEngine/4.6/Engine/Binaries/Mac/../../../Engine/Shaders/HitProxyVertexShader.usf" 249
"/Users/Shared/UnrealEngine/4.6/Engine/Binaries/Mac/../../../Engine/Shaders/ReflectionEnvironmentShaders.usf" 250
"/Users/Shared/UnrealEngine/4.6/Engine/Binaries/Mac/../../../Engine/Shaders/ReflectionEnvironmentShared.usf" 251
"/Users/Shared/UnrealEngine/4.6/Engine/Binaries/Mac/../../../Engine/Shaders/SkyLightingShared.usf" 252
"/Users/Shared/UnrealEngine/4.6/Engine/Binaries/Mac/../../../Engine/Shaders/ReflectionEnvironmentComputeShaders.usf" 253
"/Users/Shared/UnrealEngine/4.6/Engine/Binaries/Mac/../../../Engine/Shaders/LightShaftShader.usf" 254
"/Users/Shared/UnrealEngine/4.6/Engine/Binaries/Mac/../../../Engine/Shaders/StationaryLightOverlapShaders.usf" 255
"/Users/Shared/UnrealEngine/4.6/Engine/Binaries/Mac/../../../Engine/Shaders/DeferredLightPixelShaders.usf" 256
"/Users/Shared/UnrealEngine/4.6/Engine/Binaries/Mac/../../../Engine/Shaders/DeferredLightVertexShaders.usf" 257
"/Users/Shared/UnrealEngine/4.6/Engine/Binaries/Mac/../../../Engine/Shaders/LPVVisualise.usf" 258
"/Users/Shared/UnrealEngine/4.6/Engine/Binaries/Mac/../../../Engine/Shaders/LPVGeometryVolumeCommon.usf" 259
"/Users/Shared/UnrealEngine/4.6/Engine/Binaries/Mac/../../../Engine/Shaders/LPVDirectLightInject.usf" 260
"/Users/Shared/UnrealEngine/4.6/Engine/Binaries/Mac/../../../Engine/Shaders/LPVPropagate.usf" 261
"/Users/Shared/UnrealEngine/4.6/Engine/Binaries/Mac/../../../Engine/Shaders/LPVBuildGeometryVolume.usf" 262
"/Users/Shared/UnrealEngine/4.6/Engine/Binaries/Mac/../../../Engine/Shaders/LPVInject_AccumulateVplLists.usf" 263
"/Users/Shared/UnrealEngine/4.6/Engine/Binaries/Mac/../../../Engine/Shaders/LPVInject_GenerateVplLists.usf" 264
"/Users/Shared/UnrealEngine/4.6/Engine/Binaries/Mac/../../../Engine/Shaders/LPVClearLists.usf" 265
"/Users/Shared/UnrealEngine/4.6/Engine/Binaries/Mac/../../../Engine/Shaders/LPVClear.usf" 266
"/Users/Shared/UnrealEngine/4.6/Engine/Binaries/Mac/../../../Engine/Shaders/LightMapDensityShader.usf" 267
"/Users/Shared/UnrealEngine/4.6/Engine/Binaries/Mac/../../../Engine/Shaders/LightFunctionPixelShader.usf" 268
"/Users/Shared/UnrealEngine/4.6/Engine/Binaries/Mac/../../../Engine/Shaders/LightFunctionVertexShader.usf" 269
"/Users/Shared/UnrealEngine/4.6/Engine/Binaries/Mac/../../../Engine/Shaders/HdrCustomResolveShaders.usf" 270
"/Users/Shared/UnrealEngine/4.6/Engine/Binaries/Mac/../../../Engine/Shaders/GammaCorrection.usf" 271
"/Users/Shared/UnrealEngine/4.6/Engine/Binaries/Mac/../../../Engine/Shaders/GPUBenchmark.usf" 272
"/Users/Shared/UnrealEngine/4.6/Engine/Binaries/Mac/../../../Engine/Shaders/BasePassForForwardShadingPixelShader.usf" 273
"/Users/Shared/UnrealEngine/4.6/Engine/Binaries/Mac/../../../Engine/Shaders/BasePassForForwardShadingCommon.usf" 274
"/Users/Shared/UnrealEngine/4.6/Engine/Binaries/Mac/../../../Engine/Shaders/LightmapCommon.usf" 275
"/Users/Shared/UnrealEngine/4.6/Engine/Binaries/Mac/../../../Engine/Shaders/BasePassForForwardShadingVertexShader.usf" 276
"/Users/Shared/UnrealEngine/4.6/Engine/Binaries/Mac/../../../Engine/Shaders/HeightFogCommon.usf" 277
"/Users/Shared/UnrealEngine/4.6/Engine/Binaries/Mac/../../../Engine/Shaders/HeightFogPixelShader.usf" 278
"/Users/Shared/UnrealEngine/4.6/Engine/Binaries/Mac/../../../Engine/Shaders/HeightFogVertexShader.usf" 279
"/Users/Shared/UnrealEngine/4.6/Engine/Binaries/Mac/../../../Engine/Shaders/DistortAccumulatePS.usf" 280
"/Users/Shared/UnrealEngine/4.6/Engine/Binaries/Mac/../../../Engine/Shaders/DistortAccumulateVS.usf" 281
"/Users/Shared/UnrealEngine/4.6/Engine/Binaries/Mac/../../../Engine/Shaders/DistortApplyScreenPS.usf" 282
"/Users/Shared/UnrealEngine/4.6/Engine/Binaries/Mac/../../../Engine/Shaders/SkyLighting.usf" 283
"/Users/Shared/UnrealEngine/4.6/Engine/Binaries/Mac/../../../Engine/Shaders/DistanceFieldSurfaceCacheLighting.usf" 284
"/Users/Shared/UnrealEngine/4.6/Engine/Binaries/Mac/../../../Engine/Shaders/DistanceFieldLightingShared.usf" 285
"/Users/Shared/UnrealEngine/4.6/Engine/Binaries/Mac/../../../Engine/Shaders/DistanceFieldAOShared.usf" 286
"/Users/Shared/UnrealEngine/4.6/Engine/Binaries/Mac/../../../Engine/Shaders/DistanceFieldSurfaceCacheLightingCompute.usf" 287
"/Users/Shared/UnrealEngine/4.6/Engine/Binaries/Mac/../../../Engine/Shaders/DistanceFieldShadowing.usf" 288
"/Users/Shared/UnrealEngine/4.6/Engine/Binaries/Mac/../../../Engine/Shaders/DepthOnlyPixelShader.usf" 289
"/Users/Shared/UnrealEngine/4.6/Engine/Binaries/Mac/../../../Engine/Shaders/DepthOnlyVertexShader.usf" 290
"/Users/Shared/UnrealEngine/4.6/Engine/Binaries/Mac/../../../Engine/Shaders/PositionOnlyDepthVertexShader.usf" 291
"/Users/Shared/UnrealEngine/4.6/Engine/Binaries/Mac/../../../Engine/Shaders/DownsampleDepthPixelShader.usf" 292
"/Users/Shared/UnrealEngine/4.6/Engine/Binaries/Mac/../../../Engine/Shaders/BasePassPixelShader.usf" 293
"/Users/Shared/UnrealEngine/4.6/Engine/Binaries/Mac/../../../Engine/Shaders/BasePassCommon.usf" 294
"/Users/Shared/UnrealEngine/4.6/Engine/Binaries/Mac/../../../Engine/Shaders/BasePassVertexShader.usf" 295
"/Users/Shared/UnrealEngine/4.6/Engine/Binaries/Mac/../../../Engine/Shaders/BasePassVertexCommon.usf" 296
"/Users/Shared/UnrealEngine/4.6/Engine/Binaries/Mac/../../../Engine/Shaders/BasePassTessellationShaders.usf" 297
"/Users/Shared/UnrealEngine/4.6/Engine/Binaries/Mac/../../../Engine/Shaders/AtmospherePrecompute.usf" 298
"/Users/Shared/UnrealEngine/4.6/Engine/Binaries/Mac/../../../Engine/Shaders/AtmospherePrecomputeCommon.usf" 299
"/Users/Shared/UnrealEngine/4.6/Engine/Binaries/Mac/../../../Engine/Shaders/AtmospherePrecomputeInscatter.usf" 300
"/Users/Shared/UnrealEngine/4.6/Engine/Binaries/Mac/../../../Engine/Shaders/AtmosphericFogShader.usf" 301
"/Users/Shared/UnrealEngine/4.6/Engine/Binaries/Mac/../../../Engine/Shaders/ParticleSortKeyGen.usf" 302
"/Users/Shared/UnrealEngine/4.6/Engine/Binaries/Mac/../../../Engine/Shaders/ParticleBoundsShader.usf" 303
"/Users/Shared/UnrealEngine/4.6/Engine/Binaries/Mac/../../../Engine/Shaders/ParticleSimVisualizeShader.usf" 304
"/Users/Shared/UnrealEngine/4.6/Engine/Binaries/Mac/../../../Engine/Shaders/ParticleInjectionShader.usf" 305
"/Users/Shared/UnrealEngine/4.6/Engine/Binaries/Mac/../../../Engine/Shaders/ParticleSimulationShader.usf" 306
"/Users/Shared/UnrealEngine/4.6/Engine/Binaries/Mac/../../../Engine/Shaders/ParticleCurveInjectionShader.usf" 307
"/Users/Shared/UnrealEngine/4.6/Engine/Binaries/Mac/../../../Engine/Shaders/VectorFieldCompositeShaders.usf" 308
"/Users/Shared/UnrealEngine/4.6/Engine/Binaries/Mac/../../../Engine/Shaders/UpdateTextureShaders.usf" 309
"/Users/Shared/UnrealEngine/4.6/Engine/Binaries/Mac/../../../Engine/Shaders/SimpleElementColorChannelMaskPixelShader.usf" 310
"/Users/Shared/UnrealEngine/4.6/Engine/Binaries/Mac/../../../Engine/Shaders/SimpleElementHitProxyPixelShader.usf" 311
"/Users/Shared/UnrealEngine/4.6/Engine/Binaries/Mac/../../../Engine/Shaders/SimpleElementPixelShader.usf" 312
"/Users/Shared/UnrealEngine/4.6/Engine/Binaries/Mac/../../../Engine/Shaders/ColorUtils.usf" 313
"/Users/Shared/UnrealEngine/4.6/Engine/Binaries/Mac/../../../Engine/Shaders/SimpleElementVertexShader.usf" 314
"/Users/Shared/UnrealEngine/4.6/Engine/Binaries/Mac/../../../Engine/Shaders/ScreenVertexShader.usf" 315
"/Users/Shared/UnrealEngine/4.6/Engine/Binaries/Mac/../../../Engine/Shaders/ScreenPixelShader.usf" 316
"/Users/Shared/UnrealEngine/4.6/Engine/Binaries/Mac/../../../Engine/Shaders/NullPixelShader.usf" 317
"/Users/Shared/UnrealEngine/4.6/Engine/Binaries/Mac/../../../Engine/Shaders/RadixSortShaders.usf" 318
"/Users/Shared/UnrealEngine/4.6/Engine/Binaries/Mac/../../../Engine/Shaders/GpuSkinCacheComputeShader.usf" 319
"/Users/Shared/UnrealEngine/4.6/Engine/Binaries/Mac/../../../Engine/Shaders/ClearReplacementShaders.usf" 320
"/Users/Shared/UnrealEngine/4.6/Engine/Binaries/Mac/../../../Engine/Shaders/SimpleElementTexture2DPreviewPixelShader.usf" 321
"/Users/Shared/UnrealEngine/4.6/Engine/Binaries/Mac/../../../Engine/Shaders/SimpleElementNormalMapPixelShader.usf" 322
"/Users/Shared/UnrealEngine/4.6/Engine/Binaries/Mac/../../../Engine/Shaders/meshpaintdilatepixelshader.usf" 323
"/Users/Shared/UnrealEngine/4.6/Engine/Binaries/Mac/../../../Engine/Shaders/meshpaintdilatevertexshader.usf" 324
"/Users/Shared/UnrealEngine/4.6/Engine/Binaries/Mac/../../../Engine/Shaders/MeshPaintPixelShader.usf" 325
"/Users/Shared/UnrealEngine/4.6/Engine/Binaries/Mac/../../../Engine/Shaders/MeshPaintVertexShader.usf" 326
"../../../Engine/Config/IOS/IOSEngine.ini" 327
"/Users/anirul/Library/Application Support/Epic/UnrealEngine/4.6/DerivedDataCache/Boot.ddc" 328
"../../../Engine/DerivedDataCache/DDC.ddp" 329
"../../../Engine/Content/EditorResources/S_Actor.uasset" 330
"../../../Engine/Content/Maps/Templates/Thumbnails/Default.uasset" 331
"../../../Engine/Content/EditorMaterials/ParticleSystems/PSysThumbnail_NoImage.uasset" 332
"../../../Engine/Content/EditorMaterials/ParticleSystems/PSysThumbnail_OOD.uasset" 333
"../../../Engine/Content/EditorLandscapeResources/DataLayer.uasset" 334
"../../../Engine/Content/EngineDamageTypes/DmgTypeBP_Environmental.uasset" 335
"../../../Engine/Content/EngineMeshes/Sphere.uasset" 336
"../../../Engine/Content/EngineFonts/RobotoDistanceField.uasset" 337
"../../../Engine/Content/EngineMaterials/DefaultTextMaterialOpaque.uasset" 338
"../../../Engine/Content/Functions/Engine_MaterialFunctions01/Shading/PowerToRoughness.uasset" 339
"../../../Engine/Content/Functions/Engine_MaterialFunctions01/Shading/ConvertFromDiffSpec.uasset" 340
"../../../Engine/Content/EngineMaterials/WorldGridMaterial.uasset" 341
"../../../Engine/Content/Functions/Engine_MaterialFunctions01/Opacity/CameraDepthFade.uasset" 342
"../../../Engine/Content/EngineMaterials/T_Default_Material_Grid_M.uasset" 343
"../../../Engine/Content/EngineMaterials/T_Default_Material_Grid_N.uasset" 344
"../../../Engine/Content/EngineMaterials/DefaultDeferredDecalMaterial.uasset" 345
"../../../Engine/Content/EngineMaterials/DefaultDiffuse.uasset" 346
"../../../Engine/Content/EngineMaterials/DefaultLightFunctionMaterial.uasset" 347
"../../../Engine/Content/EngineMaterials/DefaultPostProcessMaterial.uasset" 348
"../../../Engine/Content/Functions/Engine_MaterialFunctions02/Utility/BreakOutFloat2Components.uasset" 349
"../../../Engine/Content/EditorResources/S_Trigger.uasset" 350
"../../../Engine/Content/EngineResources/WhiteSquareTexture.uasset" 351
"../../../Engine/Content/EngineResources/GradientTexture0.uasset" 352
"../../../Engine/Content/EngineResources/Black.uasset" 353
"../../../Engine/Content/EditorMaterials/MatineeGroups/MAT_Groups_Float.uasset" 354
"../../../Engine/Content/EditorMaterials/MatineeGroups/MAT_Groups_Director.uasset" 355
"../../../Engine/Content/EditorMaterials/MatineeGroups/MAT_Groups_Event.uasset" 356
"../../../Engine/Content/EditorMaterials/MatineeGroups/MAT_Groups_Anim.uasset" 357
"../../../Engine/Content/EditorMaterials/MatineeGroups/MAT_Groups_Fade.uasset" 358
"../../../Engine/Content/EditorMaterials/MatineeGroups/MAT_Groups_Move.uasset" 359
"../../../Engine/Content/EditorMaterials/MatineeGroups/MAT_Groups_Slomo.uasset" 360
"../../../Engine/Content/EditorMaterials/MatineeGroups/MAT_ColorTrack.uasset" 361
"../../../Engine/Content/EditorMaterials/MAT_Groups_Toggle.uasset" 362
"../../../Engine/Content/EditorMaterials/MatineeGroups/MAT_Groups_AudioMaster.uasset" 363
"../../../Engine/Content/EditorMaterials/MatineeGroups/MAT_Groups_Sound.uasset" 364
"../../../Engine/Content/EditorMaterials/MatineeGroups/MAT_Groups_Vector.uasset" 365
"../../../Engine/Content/EditorMaterials/MAT_Groups_Visibility.uasset" 366
"../../../Engine/Content/EngineResources/DefaultTexture.uasset" 367
"../../../Engine/Content/EngineResources/DefaultTextureCube.uasset" 368
"../../../Engine/Content/EngineSounds/Master.uasset" 369
"../../../Engine/Content/EngineSounds/Music.uasset" 370
"../../../Engine/Content/EngineSounds/SFX.uasset" 371
"../../../Engine/Content/EngineSounds/Normal_Attack.uasset" 372
"../../../Engine/Content/EngineSounds/Special_Attack_PSM.uasset" 373
"../../../Engine/Content/EngineSounds/Duck_Normal_Attack_MixMod.uasset" 374
"../../../Engine/Content/EngineSounds/Voice.uasset" 375
"../../../Engine/Content/EngineMeshes/Cylinder.uasset" 376
"../../../Engine/Content/EngineMaterials/DefaultMaterial.uasset" 377
"../../../Engine/Content/EngineTireTypes/DefaultTireType.uasset" 378
"/Users/anirul/Library/Preferences/Unreal Engine/LostEditor/Mac/InternationalizationExport.ini" 379
"/Users/anirul/Library/Preferences/Unreal Engine/LostEditor/CleanSourceConfigs/InternationalizationExport.ini" 380
"../../../Engine/Content/Editor/Slate/Fonts/DroidSansMono.ttf" 381
"../../../Engine/Content/Editor/Slate/Fonts/Roboto-BoldCondensed.ttf" 382
"../../../Engine/Content/Editor/Slate/Fonts/Roboto-Black.ttf" 383
"../../../Engine/Content/Editor/Slate/Fonts/Roboto-BoldCondensedItalic.ttf" 384
"../../../Engine/Content/Editor/Slate/Fonts/Roboto-Italic.ttf" 385
"../../../Engine/Content/EngineFonts/Roboto.uasset" 386
"../../../Engine/Content/EngineMaterials/Widget3DPassThrough_Translucent.uasset" 387
"../../../Engine/Content/EngineMaterials/Widget3DPassThrough.uasset" 388
"../../../Engine/Content/EngineMaterials/Widget3DPassThrough_Translucent_OneSided.uasset" 389
"../../../Engine/Content/EngineMaterials/Widget3DPassThrough_Opaque.uasset" 390
"../../../Engine/Content/EngineMaterials/Widget3DPassThrough_Opaque_OneSided.uasset" 391
"/Users/anirul/Library/Preferences/Unreal Engine/LostEditor/Mac/TemplateDefs.ini" 392
"/Users/anirul/Library/Preferences/Unreal Engine/LostEditor/CleanSourceConfigs/TemplateDefs.ini" 393
"../../../Engine/Plugins/2D/Paper2D/Content/MaskedUnlitSpriteMaterial.uasset" 394
"../../../Engine/Plugins/2D/Paper2D/Content/DefaultSpriteMaterial.uasset" 395
"../../../Engine/Plugins/2D/Paper2D/Content/DummySpriteTexture.uasset" 396
"../../../Engine/Plugins/2D/Paper2D/Content/OpaqueUnlitSpriteMaterial.uasset" 397
"../../../Engine/Plugins/2D/Paper2D/Content/DefaultPaperTerrainMaterial.uasset" 398
"../../../Engine/Plugins/2D/Paper2D/Content/DummySprite.uasset" 399
"/Users/anirul/Library/Application Support/Epic/UnrealEngine/4.6/Saved/Config/Mac/SourceControlSettings.ini" 400
"/Users/anirul/Library/Preferences/Unreal Engine/LostEditor/CleanSourceConfigs/SourceControlSettings.ini" 401
"/Users/anirul/Library/Preferences/Unreal Engine/LostEditor/Mac/SourceControlSettings.ini" 402
"../../../Engine/Content/EngineMaterials/RemoveSurfaceMaterial.uasset" 403
"../../../Engine/Content/EngineDebugMaterials/DebugMeshMaterial.uasset" 404
"../../../Engine/Content/EngineMaterials/M_InvalidLightmapSettings.uasset" 405
"../../../Engine/Content/EngineMaterials/InvalidLightmapSettings.uasset" 406
"../../../Engine/Content/EditorMaterials/GizmoMaterial.uasset" 407
"../../../Engine/Content/EngineMaterials/Good64x64TilingNoiseHighFreq.uasset" 408
"../../../Engine/Content/EngineMaterials/DefaultBokeh.uasset" 409
"../../../Engine/Content/EngineMaterials/PreintegratedSkinBRDF.uasset" 410
"../../../Engine/Content/EngineMaterials/MiniFont.uasset" 411
"../../../Engine/Content/EngineMaterials/WeightMapPlaceholderTexture.uasset" 412
"../../../Engine/Content/EngineMaterials/DefaultWhiteGrid.uasset" 413
"../../../Engine/Content/EngineMaterials/DefaultPhysicalMaterial.uasset" 414
"../../../Engine/Content/EngineFonts/RobotoTiny.uasset" 415
"../../../../../../anirul/Documents/Unreal Projects/Lost/Intermediate/CachedAssetRegistry.bin" 416
"../../../Engine/Content/MobileResources/HUD/VirtualJoystick_Thumb.uasset" 417
"../../../Engine/Content/MobileResources/HUD/VirtualJoystick_Background.uasset" 418
"../../../Engine/Content/MobileResources/HUD/T_Castle_ThumbstickOutter.uasset" 419
"../../../Engine/Content/MobileResources/HUD/T_Castle_ThumbstickInner.uasset" 420
"../../../Engine/Content/MobileResources/HUD/MobileHUDDirectionStick.uasset" 421
"../../../Engine/Content/MobileResources/HUD/MobileHUDDirectionPad3.uasset" 422
"../../../Engine/Content/MobileResources/HUD/MobileHUDDirectionPad2.uasset" 423
"../../../Engine/Content/MobileResources/HUD/MobileHUDDirectionPad.uasset" 424
"../../../Engine/Content/MobileResources/HUD/MobileHUDButtonFire.uasset" 425
"../../../Engine/Content/MobileResources/HUD/MobileHUDButton3.uasset" 426
"../../../Engine/Content/MobileResources/HUD/MobileHUDButton2_on.uasset" 427
"../../../Engine/Content/MobileResources/HUD/MobileHUDButton2_off.uasset" 428
"../../../Engine/Content/MobileResources/HUD/MobileHUDButton1_on.uasset" 429
"../../../Engine/Content/MobileResources/HUD/MobileHUDButton1_off.uasset" 430
"../../../Engine/Content/MobileResources/HUD/LeftVirtualJoystickOnly.uasset" 431
"../../../Engine/Content/MobileResources/HUD/DefaultVirtualJoysticks.uasset" 432
"../../../Engine/Content/MobileResources/HUD/AnalogHat.uasset" 433
"../../../Engine/Content/MobileResources/T_MobileMenu2.uasset" 434
"../../../Engine/Content/MobileResources/T_MobileControls_texture.uasset" 435
"../../../../../../anirul/Documents/Unreal Projects/Lost/Content/Blueprints/MyGame.uasset" 436
"../../../../../../anirul/Documents/Unreal Projects/Lost/Content/Blueprints/MyCharacter.uasset" 437
"../../../../../../anirul/Documents/Unreal Projects/Lost/Content/Sprite/universal-lpc-sprite_male_01_full_Sprite109.uasset" 438
"../../../../../../anirul/Documents/Unreal Projects/Lost/Content/Textures/universal-lpc-sprite_male_01_full.uasset" 439
"../../../../../../anirul/Documents/Unreal Projects/Lost/Content/Blueprints/MyController.uasset" 440
"../../../Engine/Content/EditorBlueprintResources/StandardMacros.uasset" 441
"/Users/anirul/Library/Application Support/Epic/UnrealEngine/Common/DerivedDataCache/4/0/7/TEXTURE_75F87CE100B546AAB8A1C4132AF9DB17_AUTODXT_79B2301F8D45C03BF6103DAA231CA__781E0949D24D3F3BD4325F6006CEDF258C77977F.udd" 442
"../../../Engine/Content/Maps/Entry.umap" 443
"../../../Engine/Content/EngineMaterials/DefaultNormal.uasset" 444
"../../../../../../anirul/Documents/Unreal Projects/Lost/Content/Maps/gameplay.umap" 445
"../../../../../../anirul/Documents/Unreal Projects/Lost/Content/Blueprints/Orange.uasset" 446
"../../../../../../anirul/Documents/Unreal Projects/Lost/Content/Sprite/OrangeSprite.uasset" 447
"../../../../../../anirul/Documents/Unreal Projects/Lost/Content/Textures/orange.uasset" 448
"../../../Engine/Content/EngineSky/BP_Sky_Sphere.uasset" 449
"../../../Engine/Content/EngineSky/C_Sky_Cloud_Color.uasset" 450
"../../../Engine/Content/EngineSky/C_Sky_Horizon_Color.uasset" 451
"../../../Engine/Content/EngineSky/C_Sky_Zenith_Color.uasset" 452
"../../../Engine/Content/EngineSky/M_Sky_Panning_Clouds2.uasset" 453
"../../../Engine/Content/EngineSky/T_Sky_Blue.uasset" 454
"../../../Engine/Content/EngineSky/T_Sky_Clouds_M.uasset" 455
"../../../Engine/Content/EngineSky/T_Sky_Stars.uasset" 456
"../../../Engine/Content/EngineSky/SM_SkySphere.uasset" 457
"../../../../../../anirul/Documents/Unreal Projects/Lost/Content/Material/Ggj_sol_sable_Mat.uasset" 458
"../../../../../../anirul/Documents/Unreal Projects/Lost/Content/Textures/Ggj_sol_sable.uasset" 459
"../../../Engine/Content/TemplateResources/MI_Template_BaseGray.uasset" 460
"../../../Engine/Content/TemplateResources/M_Template_Master.uasset" 461
"../../../Engine/Content/TemplateResources/MI_Template_BaseGray_03_Metal.uasset" 462
"/Users/anirul/Library/Application Support/Epic/UnrealEngine/Common/DerivedDataCache/7/4/3/TEXTURE_75F87CE100B546AAB8A1C4132AF9DB17_BGRA8_42F0E8F5DE41ED512F6BFEA37980478__28DF4E31BB522F15CC24ACF23B3E1AA48B1F6C0C.udd" 463
"/Users/anirul/Library/Application Support/Epic/UnrealEngine/Common/DerivedDataCache/9/7/8/TEXTURE_75F87CE100B546AAB8A1C4132AF9DB17_AUTODXT_8F13E3A7EC4C8FC4F892ADB6384D9__25D8B6DF1DC30BF3DD240278AC4D70D942740431.udd" 464
"/Users/anirul/Library/Application Support/Epic/UnrealEngine/Common/DerivedDataCache/2/2/8/TEXTURE_75F87CE100B546AAB8A1C4132AF9DB17_AUTODXT_1190113043453A61915C95918C477__10B9D67236CE645E5C9D67F6B40EFA700A7313E8.udd" 465
"/Users/anirul/Library/Application Support/Epic/UnrealEngine/Common/DerivedDataCache/8/7/0/TEXTURE_75F87CE100B546AAB8A1C4132AF9DB17_AUTODXT_8F13E3A7EC4C8FC4F892ADB6384D9__38595CCB6FD13A802BE00F117975AE277A6C8BBF.udd" 466
"/Users/anirul/Library/Application Support/Epic/UnrealEngine/Common/DerivedDataCache/8/5/2/TEXTURE_75F87CE100B546AAB8A1C4132AF9DB17_AUTODXT_1190113043453A61915C95918C477__9EC63F8D4107C73EB78BDCF391495EC1E41CE8F6.udd" 467
"/Users/anirul/Library/Application Support/Epic/UnrealEngine/Common/DerivedDataCache/1/1/5/TEXTURE_75F87CE100B546AAB8A1C4132AF9DB17_AUTODXT_8F13E3A7EC4C8FC4F892ADB6384D9__53D0E6A66B5EC611CCD67E3047D42BC39F2252D3.udd" 468
"/Users/anirul/Library/Application Support/Epic/UnrealEngine/Common/DerivedDataCache/3/5/6/TEXTURE_75F87CE100B546AAB8A1C4132AF9DB17_AUTODXT_8F13E3A7EC4C8FC4F892ADB6384D9__E81DD0FF0F4CBD14F8E6A649838CE8BAF3A31EB2.udd" 469
"/Users/anirul/Library/Application Support/Epic/UnrealEngine/Common/DerivedDataCache/5/3/3/TEXTURE_75F87CE100B546AAB8A1C4132AF9DB17_AUTODXT_8F13E3A7EC4C8FC4F892ADB6384D9__F0DA5C783F82BD7584ECE978166CCACF302819B5.udd" 470
"/Users/anirul/Library/Application Support/Epic/UnrealEngine/Common/DerivedDataCache/1/4/7/TEXTURE_75F87CE100B546AAB8A1C4132AF9DB17_AUTODXT_4C2B92A15E4D58798126669EBE01A__5D81BF517E524A6E1754398E421BD228E4B13050.udd" 471
"/Users/anirul/Library/Application Support/Epic/UnrealEngine/Common/DerivedDataCache/8/2/0/TEXTURE_75F87CE100B546AAB8A1C4132AF9DB17_DXT1_B93FD5B610464FE2E4C97F93FA53DB6F__557E05B387E3EC68F720677D633422624379D85B.udd" 472
"/Users/anirul/Library/Application Support/Epic/UnrealEngine/Common/DerivedDataCache/9/6/4/TEXTURE_75F87CE100B546AAB8A1C4132AF9DB17_DXT1_B93FD5B610464FE2E4C97F93FA53DB6F__B32CDE0465B7C696881F7A4270E792FBA8482B58.udd" 473
"/Users/anirul/Library/Application Support/Epic/UnrealEngine/Common/DerivedDataCache/0/2/4/TEXTURE_75F87CE100B546AAB8A1C4132AF9DB17_DXT1_112C961D9940632904AE7FB03482AFB1__3969B5E3EA5C7DA5C5BA1950BEF9B81AFBE01EEA.udd" 474
"/Users/anirul/Library/Application Support/Epic/UnrealEngine/Common/DerivedDataCache/0/0/9/TEXTURE_75F87CE100B546AAB8A1C4132AF9DB17_BGRA8_86B1519EF641D8C7F1E92BBFF995BFD__21B26D7695F259DF32419221B88AB56126FA1581.udd" 475
"/Users/anirul/Library/Application Support/Epic/UnrealEngine/Common/DerivedDataCache/8/3/2/TEXTURE_75F87CE100B546AAB8A1C4132AF9DB17_BGRA8_86B1519EF641D8C7F1E92BBFF995BFD__B072A611B7B3490A2867A14C9AC3D0D6D5B82BA3.udd" 476
"/Users/anirul/Library/Application Support/Epic/UnrealEngine/Common/DerivedDataCache/4/4/0/TEXTURE_75F87CE100B546AAB8A1C4132AF9DB17_AUTODXT_1190113043453A61915C95918C477__2C9357997F38931F86B30AA750ADABA544C8AEB8.udd" 477
"/Users/anirul/Library/Application Support/Epic/UnrealEngine/Common/DerivedDataCache/2/8/5/TEXTURE_75F87CE100B546AAB8A1C4132AF9DB17_DXT1_B93FD5B610464FE2E4C97F93FA53DB6F__8FB2A52433099FA28E8F667B221DEAAA8201475B.udd" 478
"/Users/anirul/Library/Application Support/Epic/UnrealEngine/Common/DerivedDataCache/2/7/6/TEXTURE_75F87CE100B546AAB8A1C4132AF9DB17_DXT1_B93FD5B610464FE2E4C97F93FA53DB6F__E07714CF41A258D6F5DD2F028B9AEBA5B3D57826.udd" 479
"/Users/anirul/Library/Application Support/Epic/UnrealEngine/Common/DerivedDataCache/2/4/3/TEXTURE_75F87CE100B546AAB8A1C4132AF9DB17_AUTODXT_1190113043453A61915C95918C477__E204DD274900BDC2E0CC59605944DED723119B67.udd" 480
"/Users/anirul/Library/Application Support/Epic/UnrealEngine/Common/DerivedDataCache/3/9/5/TEXTURE_75F87CE100B546AAB8A1C4132AF9DB17_DXT1_B93FD5B610464FE2E4C97F93FA53DB6F__834A725982AD68BFB9A3F4B71D53CEB20B302D14.udd" 481
"/Users/anirul/Library/Application Support/Epic/UnrealEngine/Common/DerivedDataCache/9/7/7/TEXTURE_75F87CE100B546AAB8A1C4132AF9DB17_BGRA8_D0635B5BCF49FD13B504CDBC2EDB9AD__D204E6670FDB4BFDBD7EEB981899F7EA89F2050E.udd" 482
"/Users/anirul/Library/Application Support/Epic/UnrealEngine/Common/DerivedDataCache/9/1/3/TEXTURE_75F87CE100B546AAB8A1C4132AF9DB17_AUTODXT_1190113043453A61915C95918C477__7D661A130C411B57760958E5891723A6F1715E92.udd" 483
"/Users/anirul/Library/Application Support/Epic/UnrealEngine/Common/DerivedDataCache/3/6/3/TEXTURE_75F87CE100B546AAB8A1C4132AF9DB17_BGRA8_86B1519EF641D8C7F1E92BBFF995BFD__43CAF04AC2EF5182FA6BC7F7A21661A0D900D1DB.udd" 484
"/Users/anirul/Library/Application Support/Epic/UnrealEngine/Common/DerivedDataCache/4/2/7/TEXTURE_75F87CE100B546AAB8A1C4132AF9DB17_BGRA8_86B1519EF641D8C7F1E92BBFF995BFD__0F55A2E5C14348CDEF44DA849FB4382CA8EF76C4.udd" 485
"/Users/anirul/Library/Application Support/Epic/UnrealEngine/Common/DerivedDataCache/6/5/3/TEXTURE_75F87CE100B546AAB8A1C4132AF9DB17_BGRA8_86B1519EF641D8C7F1E92BBFF995BFD__DACECB3DC65CE1D3BCCA16D65CF404E5893CB35B.udd" 486
"/Users/anirul/Library/Application Support/Epic/UnrealEngine/Common/DerivedDataCache/1/9/5/MATSM_E2C1E89EE9AE4F3CA7B8E0F2C49B34EB_GLSL_150_MAC_2051__BC5N_DEV_SL_NODBUFFD__BBF7766C7D816F20E0EE5E886893EA2EFBB4D489.udd" 487
"/Users/anirul/Library/Application Support/Epic/UnrealEngine/Common/DerivedDataCache/5/2/7/PHYSX_$7B1F0627AE$2DABEB$2D4206$2D8D78$2DE16BEB5DDC7E$7D_PHYSXPC_FB2D30DC2C4B9973391FDE931D45E021__1_0_13073_0.udd" 488
"/Users/anirul/Library/Application Support/Epic/UnrealEngine/Common/DerivedDataCache/1/4/4/PHYSX_$7B1F0627AE$2DABEB$2D4206$2D8D78$2DE16BEB5DDC7E$7D_PHYSXPC_A95D4C7B324AFA41F8AC429044E661E2__1_0_13073_0.udd" 489
"/Users/anirul/Library/Application Support/Epic/UnrealEngine/Common/DerivedDataCache/6/0/5/PHYSX_$7B1F0627AE$2DABEB$2D4206$2D8D78$2DE16BEB5DDC7E$7D_PHYSXPC_FF8B03F46B4254AF8B5C0AB70FDC6738__1_0_13073_0.udd" 490
"/Users/anirul/Library/Application Support/Epic/UnrealEngine/Common/DerivedDataCache/9/2/8/PHYSX_$7B1F0627AE$2DABEB$2D4206$2D8D78$2DE16BEB5DDC7E$7D_PHYSXPC_ED97064D4B4F111C47D2FE847C3FEE41__1_0_13073_0.udd" 491
"/Users/anirul/Library/Application Support/Epic/UnrealEngine/Common/DerivedDataCache/3/8/6/PHYSX_$7B1F0627AE$2DABEB$2D4206$2D8D78$2DE16BEB5DDC7E$7D_PHYSXPC_F95B4339B1409342CE557F8DBD4D6018__1_0_13073_0.udd" 492
"/Users/anirul/Library/Application Support/Epic/UnrealEngine/Common/DerivedDataCache/7/6/5/PHYSX_$7B1F0627AE$2DABEB$2D4206$2D8D78$2DE16BEB5DDC7E$7D_PHYSXPC_D6D983231F4155852C044E98F25D8546__1_0_13073_0.udd" 493
"/Users/anirul/Library/Application Support/Epic/UnrealEngine/Common/DerivedDataCache/1/9/0/PHYSX_$7B1F0627AE$2DABEB$2D4206$2D8D78$2DE16BEB5DDC7E$7D_PHYSXPC_1DA72C667A4101305864358A9DA34030__1_0_13073_0.udd" 494
"/Users/anirul/Library/Application Support/Epic/UnrealEngine/Common/DerivedDataCache/7/5/1/PHYSX_$7B1F0627AE$2DABEB$2D4206$2D8D78$2DE16BEB5DDC7E$7D_PHYSXPC_A7CA66EE9046609DC7EA3A83B957F7D3__1_0_13073_0.udd" 495
"/Users/anirul/Library/Application Support/Epic/UnrealEngine/Common/DerivedDataCache/1/7/9/PHYSX_$7B1F0627AE$2DABEB$2D4206$2D8D78$2DE16BEB5DDC7E$7D_PHYSXPC_F6313B675445C066277DC9BAC2C73853__1_0_13073_0.udd" 496
"/Users/anirul/Library/Application Support/Epic/UnrealEngine/Common/DerivedDataCache/8/1/1/PHYSX_$7B1F0627AE$2DABEB$2D4206$2D8D78$2DE16BEB5DDC7E$7D_PHYSXPC_4DA063383C4772D6B33C07A12FE4F966__1_0_13073_0.udd" 497
"/Users/anirul/Library/Application Support/Epic/UnrealEngine/Common/DerivedDataCache/8/5/1/PHYSX_$7B1F0627AE$2DABEB$2D4206$2D8D78$2DE16BEB5DDC7E$7D_PHYSXPC_F8B2A23FAD459E364613259DAF2D8A51__1_0_13073_0.udd" 498
"../../../../../../anirul/Documents/Unreal Projects/Lost/Content/Textures/universal-lpc-sprite_male_01_full_Sprite99.uasset" 499
"../../../../../../anirul/Documents/Unreal Projects/Lost/Content/Textures/universal-lpc-sprite_male_01_full_Sprite98.uasset" 500
"../../../../../../anirul/Documents/Unreal Projects/Lost/Content/Textures/universal-lpc-sprite_male_01_full_Sprite97.uasset" 501
"../../../../../../anirul/Documents/Unreal Projects/Lost/Content/Textures/universal-lpc-sprite_male_01_full_Sprite96.uasset" 502
"../../../../../../anirul/Documents/Unreal Projects/Lost/Content/Textures/universal-lpc-sprite_male_01_full_Sprite95.uasset" 503
"../../../../../../anirul/Documents/Unreal Projects/Lost/Content/Textures/universal-lpc-sprite_male_01_full_Sprite94.uasset" 504
"../../../../../../anirul/Documents/Unreal Projects/Lost/Content/Textures/universal-lpc-sprite_male_01_full_Sprite93.uasset" 505
"../../../../../../anirul/Documents/Unreal Projects/Lost/Content/Textures/universal-lpc-sprite_male_01_full_Sprite92.uasset" 506
"../../../../../../anirul/Documents/Unreal Projects/Lost/Content/Textures/universal-lpc-sprite_male_01_full_Sprite91.uasset" 507
"../../../../../../anirul/Documents/Unreal Projects/Lost/Content/Textures/universal-lpc-sprite_male_01_full_Sprite90.uasset" 508
"../../../../../../anirul/Documents/Unreal Projects/Lost/Content/Textures/universal-lpc-sprite_male_01_full_Sprite9.uasset" 509
"../../../../../../anirul/Documents/Unreal Projects/Lost/Content/Textures/universal-lpc-sprite_male_01_full_Sprite89.uasset" 510
"../../../../../../anirul/Documents/Unreal Projects/Lost/Content/Textures/universal-lpc-sprite_male_01_full_Sprite88.uasset" 511
"../../../../../../anirul/Documents/Unreal Projects/Lost/Content/Textures/universal-lpc-sprite_male_01_full_Sprite87.uasset" 512
"../../../../../../anirul/Documents/Unreal Projects/Lost/Content/Textures/universal-lpc-sprite_male_01_full_Sprite86.uasset" 513
"../../../../../../anirul/Documents/Unreal Projects/Lost/Content/Textures/universal-lpc-sprite_male_01_full_Sprite85.uasset" 514
"../../../../../../anirul/Documents/Unreal Projects/Lost/Content/Textures/universal-lpc-sprite_male_01_full_Sprite84.uasset" 515
"../../../../../../anirul/Documents/Unreal Projects/Lost/Content/Textures/universal-lpc-sprite_male_01_full_Sprite83.uasset" 516
"../../../../../../anirul/Documents/Unreal Projects/Lost/Content/Textures/universal-lpc-sprite_male_01_full_Sprite82.uasset" 517
"../../../../../../anirul/Documents/Unreal Projects/Lost/Content/Textures/universal-lpc-sprite_male_01_full_Sprite81.uasset" 518
"../../../../../../anirul/Documents/Unreal Projects/Lost/Content/Textures/universal-lpc-sprite_male_01_full_Sprite80.uasset" 519
"../../../../../../anirul/Documents/Unreal Projects/Lost/Content/Textures/universal-lpc-sprite_male_01_full_Sprite8.uasset" 520
"../../../../../../anirul/Documents/Unreal Projects/Lost/Content/Textures/universal-lpc-sprite_male_01_full_Sprite79.uasset" 521
"../../../../../../anirul/Documents/Unreal Projects/Lost/Content/Textures/universal-lpc-sprite_male_01_full_Sprite78.uasset" 522
"../../../../../../anirul/Documents/Unreal Projects/Lost/Content/Textures/universal-lpc-sprite_male_01_full_Sprite77.uasset" 523
"../../../../../../anirul/Documents/Unreal Projects/Lost/Content/Textures/universal-lpc-sprite_male_01_full_Sprite76.uasset" 524
"../../../../../../anirul/Documents/Unreal Projects/Lost/Content/Textures/universal-lpc-sprite_male_01_full_Sprite75.uasset" 525
"../../../../../../anirul/Documents/Unreal Projects/Lost/Content/Textures/universal-lpc-sprite_male_01_full_Sprite74.uasset" 526
"../../../../../../anirul/Documents/Unreal Projects/Lost/Content/Textures/universal-lpc-sprite_male_01_full_Sprite73.uasset" 527
"../../../../../../anirul/Documents/Unreal Projects/Lost/Content/Textures/universal-lpc-sprite_male_01_full_Sprite72.uasset" 528
"../../../../../../anirul/Documents/Unreal Projects/Lost/Content/Textures/universal-lpc-sprite_male_01_full_Sprite71.uasset" 529
"../../../../../../anirul/Documents/Unreal Projects/Lost/Content/Textures/universal-lpc-sprite_male_01_full_Sprite70.uasset" 530
"../../../../../../anirul/Documents/Unreal Projects/Lost/Content/Textures/universal-lpc-sprite_male_01_full_Sprite7.uasset" 531
"../../../../../../anirul/Documents/Unreal Projects/Lost/Content/Textures/universal-lpc-sprite_male_01_full_Sprite69.uasset" 532
"../../../../../../anirul/Documents/Unreal Projects/Lost/Content/Textures/universal-lpc-sprite_male_01_full_Sprite68.uasset" 533
"../../../../../../anirul/Documents/Unreal Projects/Lost/Content/Textures/universal-lpc-sprite_male_01_full_Sprite67.uasset" 534
"../../../../../../anirul/Documents/Unreal Projects/Lost/Content/Textures/universal-lpc-sprite_male_01_full_Sprite66.uasset" 535
"../../../../../../anirul/Documents/Unreal Projects/Lost/Content/Textures/universal-lpc-sprite_male_01_full_Sprite65.uasset" 536
"../../../../../../anirul/Documents/Unreal Projects/Lost/Content/Textures/universal-lpc-sprite_male_01_full_Sprite64.uasset" 537
"../../../../../../anirul/Documents/Unreal Projects/Lost/Content/Textures/universal-lpc-sprite_male_01_full_Sprite63.uasset" 538
"../../../../../../anirul/Documents/Unreal Projects/Lost/Content/Textures/universal-lpc-sprite_male_01_full_Sprite62.uasset" 539
"../../../../../../anirul/Documents/Unreal Projects/Lost/Content/Textures/universal-lpc-sprite_male_01_full_Sprite61.uasset" 540
"../../../../../../anirul/Documents/Unreal Projects/Lost/Content/Textures/universal-lpc-sprite_male_01_full_Sprite60.uasset" 541
"../../../../../../anirul/Documents/Unreal Projects/Lost/Content/Textures/universal-lpc-sprite_male_01_full_Sprite6.uasset" 542
"../../../../../../anirul/Documents/Unreal Projects/Lost/Content/Textures/universal-lpc-sprite_male_01_full_Sprite59.uasset" 543
"../../../../../../anirul/Documents/Unreal Projects/Lost/Content/Textures/universal-lpc-sprite_male_01_full_Sprite58.uasset" 544
"../../../../../../anirul/Documents/Unreal Projects/Lost/Content/Textures/universal-lpc-sprite_male_01_full_Sprite57.uasset" 545
"../../../../../../anirul/Documents/Unreal Projects/Lost/Content/Textures/universal-lpc-sprite_male_01_full_Sprite56.uasset" 546
"../../../../../../anirul/Documents/Unreal Projects/Lost/Content/Textures/universal-lpc-sprite_male_01_full_Sprite55.uasset" 547
"../../../../../../anirul/Documents/Unreal Projects/Lost/Content/Textures/universal-lpc-sprite_male_01_full_Sprite54.uasset" 548
"../../../../../../anirul/Documents/Unreal Projects/Lost/Content/Textures/universal-lpc-sprite_male_01_full_Sprite53.uasset" 549
"../../../../../../anirul/Documents/Unreal Projects/Lost/Content/Textures/universal-lpc-sprite_male_01_full_Sprite52.uasset" 550
"../../../../../../anirul/Documents/Unreal Projects/Lost/Content/Textures/universal-lpc-sprite_male_01_full_Sprite51.uasset" 551
"../../../../../../anirul/Documents/Unreal Projects/Lost/Content/Textures/universal-lpc-sprite_male_01_full_Sprite50.uasset" 552
"../../../../../../anirul/Documents/Unreal Projects/Lost/Content/Textures/universal-lpc-sprite_male_01_full_Sprite5.uasset" 553
"../../../../../../anirul/Documents/Unreal Projects/Lost/Content/Textures/universal-lpc-sprite_male_01_full_Sprite49.uasset" 554
"../../../../../../anirul/Documents/Unreal Projects/Lost/Content/Textures/universal-lpc-sprite_male_01_full_Sprite48.uasset" 555
"../../../../../../anirul/Documents/Unreal Projects/Lost/Content/Textures/universal-lpc-sprite_male_01_full_Sprite47.uasset" 556
"../../../../../../anirul/Documents/Unreal Projects/Lost/Content/Textures/universal-lpc-sprite_male_01_full_Sprite46.uasset" 557
"../../../../../../anirul/Documents/Unreal Projects/Lost/Content/Textures/universal-lpc-sprite_male_01_full_Sprite45.uasset" 558
"../../../../../../anirul/Documents/Unreal Projects/Lost/Content/Textures/universal-lpc-sprite_male_01_full_Sprite44.uasset" 559
"../../../../../../anirul/Documents/Unreal Projects/Lost/Content/Textures/universal-lpc-sprite_male_01_full_Sprite43.uasset" 560
"../../../../../../anirul/Documents/Unreal Projects/Lost/Content/Textures/universal-lpc-sprite_male_01_full_Sprite42.uasset" 561
"../../../../../../anirul/Documents/Unreal Projects/Lost/Content/Textures/universal-lpc-sprite_male_01_full_Sprite41.uasset" 562
"../../../../../../anirul/Documents/Unreal Projects/Lost/Content/Textures/universal-lpc-sprite_male_01_full_Sprite40.uasset" 563
"../../../../../../anirul/Documents/Unreal Projects/Lost/Content/Textures/universal-lpc-sprite_male_01_full_Sprite4.uasset" 564
"../../../../../../anirul/Documents/Unreal Projects/Lost/Content/Textures/universal-lpc-sprite_male_01_full_Sprite39.uasset" 565
"../../../../../../anirul/Documents/Unreal Projects/Lost/Content/Textures/universal-lpc-sprite_male_01_full_Sprite38.uasset" 566
"../../../../../../anirul/Documents/Unreal Projects/Lost/Content/Textures/universal-lpc-sprite_male_01_full_Sprite37.uasset" 567
"../../../../../../anirul/Documents/Unreal Projects/Lost/Content/Textures/universal-lpc-sprite_male_01_full_Sprite36.uasset" 568
"../../../../../../anirul/Documents/Unreal Projects/Lost/Content/Textures/universal-lpc-sprite_male_01_full_Sprite35.uasset" 569
"../../../../../../anirul/Documents/Unreal Projects/Lost/Content/Textures/universal-lpc-sprite_male_01_full_Sprite34.uasset" 570
"../../../../../../anirul/Documents/Unreal Projects/Lost/Content/Textures/universal-lpc-sprite_male_01_full_Sprite33.uasset" 571
"../../../../../../anirul/Documents/Unreal Projects/Lost/Content/Textures/universal-lpc-sprite_male_01_full_Sprite32.uasset" 572
"../../../../../../anirul/Documents/Unreal Projects/Lost/Content/Textures/universal-lpc-sprite_male_01_full_Sprite31.uasset" 573
"../../../../../../anirul/Documents/Unreal Projects/Lost/Content/Textures/universal-lpc-sprite_male_01_full_Sprite30.uasset" 574
"../../../../../../anirul/Documents/Unreal Projects/Lost/Content/Textures/universal-lpc-sprite_male_01_full_Sprite3.uasset" 575
"../../../../../../anirul/Documents/Unreal Projects/Lost/Content/Textures/universal-lpc-sprite_male_01_full_Sprite29.uasset" 576
"../../../../../../anirul/Documents/Unreal Projects/Lost/Content/Textures/universal-lpc-sprite_male_01_full_Sprite28.uasset" 577
"../../../../../../anirul/Documents/Unreal Projects/Lost/Content/Textures/universal-lpc-sprite_male_01_full_Sprite27.uasset" 578
"../../../../../../anirul/Documents/Unreal Projects/Lost/Content/Textures/universal-lpc-sprite_male_01_full_Sprite26.uasset" 579
"../../../../../../anirul/Documents/Unreal Projects/Lost/Content/Textures/universal-lpc-sprite_male_01_full_Sprite25.uasset" 580
"../../../../../../anirul/Documents/Unreal Projects/Lost/Content/Textures/universal-lpc-sprite_male_01_full_Sprite24.uasset" 581
"../../../../../../anirul/Documents/Unreal Projects/Lost/Content/Textures/universal-lpc-sprite_male_01_full_Sprite23.uasset" 582
"../../../../../../anirul/Documents/Unreal Projects/Lost/Content/Textures/universal-lpc-sprite_male_01_full_Sprite22.uasset" 583
"../../../../../../anirul/Documents/Unreal Projects/Lost/Content/Textures/universal-lpc-sprite_male_01_full_Sprite21.uasset" 584
"../../../../../../anirul/Documents/Unreal Projects/Lost/Content/Textures/universal-lpc-sprite_male_01_full_Sprite20.uasset" 585
"../../../../../../anirul/Documents/Unreal Projects/Lost/Content/Textures/universal-lpc-sprite_male_01_full_Sprite2.uasset" 586
"../../../../../../anirul/Documents/Unreal Projects/Lost/Content/Textures/universal-lpc-sprite_male_01_full_Sprite19.uasset" 587
"../../../../../../anirul/Documents/Unreal Projects/Lost/Content/Textures/universal-lpc-sprite_male_01_full_Sprite18.uasset" 588
"../../../../../../anirul/Documents/Unreal Projects/Lost/Content/Textures/universal-lpc-sprite_male_01_full_Sprite178.uasset" 589
"../../../../../../anirul/Documents/Unreal Projects/Lost/Content/Textures/universal-lpc-sprite_male_01_full_Sprite177.uasset" 590
"../../../../../../anirul/Documents/Unreal Projects/Lost/Content/Textures/universal-lpc-sprite_male_01_full_Sprite176.uasset" 591
"../../../../../../anirul/Documents/Unreal Projects/Lost/Content/Textures/universal-lpc-sprite_male_01_full_Sprite175.uasset" 592
"../../../../../../anirul/Documents/Unreal Projects/Lost/Content/Textures/universal-lpc-sprite_male_01_full_Sprite174.uasset" 593
"../../../../../../anirul/Documents/Unreal Projects/Lost/Content/Textures/universal-lpc-sprite_male_01_full_Sprite173.uasset" 594
"../../../../../../anirul/Documents/Unreal Projects/Lost/Content/Textures/universal-lpc-sprite_male_01_full_Sprite172.uasset" 595
"../../../../../../anirul/Documents/Unreal Projects/Lost/Content/Textures/universal-lpc-sprite_male_01_full_Sprite171.uasset" 596
"../../../../../../anirul/Documents/Unreal Projects/Lost/Content/Textures/universal-lpc-sprite_male_01_full_Sprite170.uasset" 597
"../../../../../../anirul/Documents/Unreal Projects/Lost/Content/Textures/universal-lpc-sprite_male_01_full_Sprite17.uasset" 598
"../../../../../../anirul/Documents/Unreal Projects/Lost/Content/Textures/universal-lpc-sprite_male_01_full_Sprite169.uasset" 599
"../../../../../../anirul/Documents/Unreal Projects/Lost/Content/Textures/universal-lpc-sprite_male_01_full_Sprite168.uasset" 600
"../../../../../../anirul/Documents/Unreal Projects/Lost/Content/Textures/universal-lpc-sprite_male_01_full_Sprite167.uasset" 601
"../../../../../../anirul/Documents/Unreal Projects/Lost/Content/Textures/universal-lpc-sprite_male_01_full_Sprite166.uasset" 602
"../../../../../../anirul/Documents/Unreal Projects/Lost/Content/Textures/universal-lpc-sprite_male_01_full_Sprite165.uasset" 603
"../../../../../../anirul/Documents/Unreal Projects/Lost/Content/Textures/universal-lpc-sprite_male_01_full_Sprite164.uasset" 604
"../../../../../../anirul/Documents/Unreal Projects/Lost/Content/Textures/universal-lpc-sprite_male_01_full_Sprite163.uasset" 605
"../../../../../../anirul/Documents/Unreal Projects/Lost/Content/Textures/universal-lpc-sprite_male_01_full_Sprite162.uasset" 606
"../../../../../../anirul/Documents/Unreal Projects/Lost/Content/Textures/universal-lpc-sprite_male_01_full_Sprite161.uasset" 607
"../../../../../../anirul/Documents/Unreal Projects/Lost/Content/Textures/universal-lpc-sprite_male_01_full_Sprite160.uasset" 608
"../../../../../../anirul/Documents/Unreal Projects/Lost/Content/Textures/universal-lpc-sprite_male_01_full_Sprite16.uasset" 609
"../../../../../../anirul/Documents/Unreal Projects/Lost/Content/Textures/universal-lpc-sprite_male_01_full_Sprite159.uasset" 610
"../../../../../../anirul/Documents/Unreal Projects/Lost/Content/Textures/universal-lpc-sprite_male_01_full_Sprite158.uasset" 611
"../../../../../../anirul/Documents/Unreal Projects/Lost/Content/Textures/universal-lpc-sprite_male_01_full_Sprite157.uasset" 612
"../../../../../../anirul/Documents/Unreal Projects/Lost/Content/Textures/universal-lpc-sprite_male_01_full_Sprite156.uasset" 613
"../../../../../../anirul/Documents/Unreal Projects/Lost/Content/Textures/universal-lpc-sprite_male_01_full_Sprite155.uasset" 614
"../../../../../../anirul/Documents/Unreal Projects/Lost/Content/Textures/universal-lpc-sprite_male_01_full_Sprite154.uasset" 615
"../../../../../../anirul/Documents/Unreal Projects/Lost/Content/Textures/universal-lpc-sprite_male_01_full_Sprite153.uasset" 616
"../../../../../../anirul/Documents/Unreal Projects/Lost/Content/Textures/universal-lpc-sprite_male_01_full_Sprite152.uasset" 617
"../../../../../../anirul/Documents/Unreal Projects/Lost/Content/Textures/universal-lpc-sprite_male_01_full_Sprite151.uasset" 618
"../../../../../../anirul/Documents/Unreal Projects/Lost/Content/Textures/universal-lpc-sprite_male_01_full_Sprite150.uasset" 619
"../../../../../../anirul/Documents/Unreal Projects/Lost/Content/Textures/universal-lpc-sprite_male_01_full_Sprite15.uasset" 620
"../../../../../../anirul/Documents/Unreal Projects/Lost/Content/Textures/universal-lpc-sprite_male_01_full_Sprite149.uasset" 621
"../../../../../../anirul/Documents/Unreal Projects/Lost/Content/Textures/universal-lpc-sprite_male_01_full_Sprite148.uasset" 622
"../../../../../../anirul/Documents/Unreal Projects/Lost/Content/Textures/universal-lpc-sprite_male_01_full_Sprite147.uasset" 623
"../../../../../../anirul/Documents/Unreal Projects/Lost/Content/Textures/universal-lpc-sprite_male_01_full_Sprite146.uasset" 624
"../../../../../../anirul/Documents/Unreal Projects/Lost/Content/Textures/universal-lpc-sprite_male_01_full_Sprite145.uasset" 625
"../../../../../../anirul/Documents/Unreal Projects/Lost/Content/Textures/universal-lpc-sprite_male_01_full_Sprite144.uasset" 626
"../../../../../../anirul/Documents/Unreal Projects/Lost/Content/Textures/universal-lpc-sprite_male_01_full_Sprite143.uasset" 627
"../../../../../../anirul/Documents/Unreal Projects/Lost/Content/Textures/universal-lpc-sprite_male_01_full_Sprite142.uasset" 628
"../../../../../../anirul/Documents/Unreal Projects/Lost/Content/Textures/universal-lpc-sprite_male_01_full_Sprite141.uasset" 629
"../../../../../../anirul/Documents/Unreal Projects/Lost/Content/Textures/universal-lpc-sprite_male_01_full_Sprite140.uasset" 630
"../../../../../../anirul/Documents/Unreal Projects/Lost/Content/Textures/universal-lpc-sprite_male_01_full_Sprite14.uasset" 631
"../../../../../../anirul/Documents/Unreal Projects/Lost/Content/Textures/universal-lpc-sprite_male_01_full_Sprite139.uasset" 632
"../../../../../../anirul/Documents/Unreal Projects/Lost/Content/Textures/universal-lpc-sprite_male_01_full_Sprite138.uasset" 633
"../../../../../../anirul/Documents/Unreal Projects/Lost/Content/Textures/universal-lpc-sprite_male_01_full_Sprite137.uasset" 634
"../../../../../../anirul/Documents/Unreal Projects/Lost/Content/Textures/universal-lpc-sprite_male_01_full_Sprite136.uasset" 635
"../../../../../../anirul/Documents/Unreal Projects/Lost/Content/Textures/universal-lpc-sprite_male_01_full_Sprite135.uasset" 636
"../../../../../../anirul/Documents/Unreal Projects/Lost/Content/Textures/universal-lpc-sprite_male_01_full_Sprite134.uasset" 637
"../../../../../../anirul/Documents/Unreal Projects/Lost/Content/Textures/universal-lpc-sprite_male_01_full_Sprite133.uasset" 638
"../../../../../../anirul/Documents/Unreal Projects/Lost/Content/Textures/universal-lpc-sprite_male_01_full_Sprite132.uasset" 639
"../../../../../../anirul/Documents/Unreal Projects/Lost/Content/Textures/universal-lpc-sprite_male_01_full_Sprite131.uasset" 640
"../../../../../../anirul/Documents/Unreal Projects/Lost/Content/Textures/universal-lpc-sprite_male_01_full_Sprite130.uasset" 641
"../../../../../../anirul/Documents/Unreal Projects/Lost/Content/Textures/universal-lpc-sprite_male_01_full_Sprite13.uasset" 642
"../../../../../../anirul/Documents/Unreal Projects/Lost/Content/Textures/universal-lpc-sprite_male_01_full_Sprite129.uasset" 643
"../../../../../../anirul/Documents/Unreal Projects/Lost/Content/Textures/universal-lpc-sprite_male_01_full_Sprite128.uasset" 644
"../../../../../../anirul/Documents/Unreal Projects/Lost/Content/Textures/universal-lpc-sprite_male_01_full_Sprite127.uasset" 645
"../../../../../../anirul/Documents/Unreal Projects/Lost/Content/Textures/universal-lpc-sprite_male_01_full_Sprite126.uasset" 646
"../../../../../../anirul/Documents/Unreal Projects/Lost/Content/Textures/universal-lpc-sprite_male_01_full_Sprite125.uasset" 647
"../../../../../../anirul/Documents/Unreal Projects/Lost/Content/Textures/universal-lpc-sprite_male_01_full_Sprite124.uasset" 648
"../../../../../../anirul/Documents/Unreal Projects/Lost/Content/Textures/universal-lpc-sprite_male_01_full_Sprite123.uasset" 649
"../../../../../../anirul/Documents/Unreal Projects/Lost/Content/Textures/universal-lpc-sprite_male_01_full_Sprite122.uasset" 650
"../../../../../../anirul/Documents/Unreal Projects/Lost/Content/Textures/universal-lpc-sprite_male_01_full_Sprite121.uasset" 651
"../../../../../../anirul/Documents/Unreal Projects/Lost/Content/Textures/universal-lpc-sprite_male_01_full_Sprite120.uasset" 652
"../../../../../../anirul/Documents/Unreal Projects/Lost/Content/Textures/universal-lpc-sprite_male_01_full_Sprite12.uasset" 653
"../../../../../../anirul/Documents/Unreal Projects/Lost/Content/Textures/universal-lpc-sprite_male_01_full_Sprite119.uasset" 654
"../../../../../../anirul/Documents/Unreal Projects/Lost/Content/Textures/universal-lpc-sprite_male_01_full_Sprite118.uasset" 655
"../../../../../../anirul/Documents/Unreal Projects/Lost/Content/Textures/universal-lpc-sprite_male_01_full_Sprite117.uasset" 656
"../../../../../../anirul/Documents/Unreal Projects/Lost/Content/Textures/universal-lpc-sprite_male_01_full_Sprite116.uasset" 657
"../../../../../../anirul/Documents/Unreal Projects/Lost/Content/Textures/universal-lpc-sprite_male_01_full_Sprite115.uasset" 658
"../../../../../../anirul/Documents/Unreal Projects/Lost/Content/Textures/universal-lpc-sprite_male_01_full_Sprite114.uasset" 659
"../../../../../../anirul/Documents/Unreal Projects/Lost/Content/Textures/universal-lpc-sprite_male_01_full_Sprite113.uasset" 660
"../../../../../../anirul/Documents/Unreal Projects/Lost/Content/Textures/universal-lpc-sprite_male_01_full_Sprite112.uasset" 661
"../../../../../../anirul/Documents/Unreal Projects/Lost/Content/Textures/universal-lpc-sprite_male_01_full_Sprite111.uasset" 662
"../../../../../../anirul/Documents/Unreal Projects/Lost/Content/Textures/universal-lpc-sprite_male_01_full_Sprite110.uasset" 663
"../../../../../../anirul/Documents/Unreal Projects/Lost/Content/Textures/universal-lpc-sprite_male_01_full_Sprite11.uasset" 664
"../../../../../../anirul/Documents/Unreal Projects/Lost/Content/Textures/universal-lpc-sprite_male_01_full_Sprite109.uasset" 665
"../../../../../../anirul/Documents/Unreal Projects/Lost/Content/Textures/universal-lpc-sprite_male_01_full_Sprite108.uasset" 666
"../../../../../../anirul/Documents/Unreal Projects/Lost/Content/Textures/universal-lpc-sprite_male_01_full_Sprite107.uasset" 667
"../../../../../../anirul/Documents/Unreal Projects/Lost/Content/Textures/universal-lpc-sprite_male_01_full_Sprite106.uasset" 668
"../../../../../../anirul/Documents/Unreal Projects/Lost/Content/Textures/universal-lpc-sprite_male_01_full_Sprite105.uasset" 669
"../../../../../../anirul/Documents/Unreal Projects/Lost/Content/Textures/universal-lpc-sprite_male_01_full_Sprite104.uasset" 670
"../../../../../../anirul/Documents/Unreal Projects/Lost/Content/Textures/universal-lpc-sprite_male_01_full_Sprite103.uasset" 671
"../../../../../../anirul/Documents/Unreal Projects/Lost/Content/Textures/universal-lpc-sprite_male_01_full_Sprite102.uasset" 672
"../../../../../../anirul/Documents/Unreal Projects/Lost/Content/Textures/universal-lpc-sprite_male_01_full_Sprite101.uasset" 673
"../../../../../../anirul/Documents/Unreal Projects/Lost/Content/Textures/universal-lpc-sprite_male_01_full_Sprite100.uasset" 674
"../../../../../../anirul/Documents/Unreal Projects/Lost/Content/Textures/universal-lpc-sprite_male_01_full_Sprite10.uasset" 675
"../../../../../../anirul/Documents/Unreal Projects/Lost/Content/Textures/universal-lpc-sprite_male_01_full_Sprite.uasset" 676
"../../../../../../anirul/Documents/Unreal Projects/Lost/Content/Textures/Ggj_sol_sable_Mat.uasset" 677
"../../../../../../anirul/Documents/Unreal Projects/Lost/Content/Sprite/universal-lpc-sprite_male_01_full_Sprite99.uasset" 678
"../../../../../../anirul/Documents/Unreal Projects/Lost/Content/Sprite/universal-lpc-sprite_male_01_full_Sprite98.uasset" 679
"../../../../../../anirul/Documents/Unreal Projects/Lost/Content/Sprite/universal-lpc-sprite_male_01_full_Sprite97.uasset" 680
"../../../../../../anirul/Documents/Unreal Projects/Lost/Content/Sprite/universal-lpc-sprite_male_01_full_Sprite96.uasset" 681
"../../../../../../anirul/Documents/Unreal Projects/Lost/Content/Sprite/universal-lpc-sprite_male_01_full_Sprite95.uasset" 682
"../../../../../../anirul/Documents/Unreal Projects/Lost/Content/Sprite/universal-lpc-sprite_male_01_full_Sprite94.uasset" 683
"../../../../../../anirul/Documents/Unreal Projects/Lost/Content/Sprite/universal-lpc-sprite_male_01_full_Sprite93.uasset" 684
"../../../../../../anirul/Documents/Unreal Projects/Lost/Content/Sprite/universal-lpc-sprite_male_01_full_Sprite92.uasset" 685
"../../../../../../anirul/Documents/Unreal Projects/Lost/Content/Sprite/universal-lpc-sprite_male_01_full_Sprite91.uasset" 686
"../../../../../../anirul/Documents/Unreal Projects/Lost/Content/Sprite/universal-lpc-sprite_male_01_full_Sprite90.uasset" 687
"../../../../../../anirul/Documents/Unreal Projects/Lost/Content/Sprite/universal-lpc-sprite_male_01_full_Sprite9.uasset" 688
"../../../../../../anirul/Documents/Unreal Projects/Lost/Content/Sprite/universal-lpc-sprite_male_01_full_Sprite89.uasset" 689
"../../../../../../anirul/Documents/Unreal Projects/Lost/Content/Sprite/universal-lpc-sprite_male_01_full_Sprite88.uasset" 690
"../../../../../../anirul/Documents/Unreal Projects/Lost/Content/Sprite/universal-lpc-sprite_male_01_full_Sprite87.uasset" 691
"../../../../../../anirul/Documents/Unreal Projects/Lost/Content/Sprite/universal-lpc-sprite_male_01_full_Sprite86.uasset" 692
"../../../../../../anirul/Documents/Unreal Projects/Lost/Content/Sprite/universal-lpc-sprite_male_01_full_Sprite85.uasset" 693
"../../../../../../anirul/Documents/Unreal Projects/Lost/Content/Sprite/universal-lpc-sprite_male_01_full_Sprite84.uasset" 694
"../../../../../../anirul/Documents/Unreal Projects/Lost/Content/Sprite/universal-lpc-sprite_male_01_full_Sprite83.uasset" 695
"../../../../../../anirul/Documents/Unreal Projects/Lost/Content/Sprite/universal-lpc-sprite_male_01_full_Sprite82.uasset" 696
"../../../../../../anirul/Documents/Unreal Projects/Lost/Content/Sprite/universal-lpc-sprite_male_01_full_Sprite81.uasset" 697
"../../../../../../anirul/Documents/Unreal Projects/Lost/Content/Sprite/universal-lpc-sprite_male_01_full_Sprite80.uasset" 698
"../../../../../../anirul/Documents/Unreal Projects/Lost/Content/Sprite/universal-lpc-sprite_male_01_full_Sprite8.uasset" 699
"../../../../../../anirul/Documents/Unreal Projects/Lost/Content/Sprite/universal-lpc-sprite_male_01_full_Sprite79.uasset" 700
"../../../../../../anirul/Documents/Unreal Projects/Lost/Content/Sprite/universal-lpc-sprite_male_01_full_Sprite78.uasset" 701
"../../../../../../anirul/Documents/Unreal Projects/Lost/Content/Sprite/universal-lpc-sprite_male_01_full_Sprite77.uasset" 702
"../../../../../../anirul/Documents/Unreal Projects/Lost/Content/Sprite/universal-lpc-sprite_male_01_full_Sprite76.uasset" 703
"../../../../../../anirul/Documents/Unreal Projects/Lost/Content/Sprite/universal-lpc-sprite_male_01_full_Sprite75.uasset" 704
"../../../../../../anirul/Documents/Unreal Projects/Lost/Content/Sprite/universal-lpc-sprite_male_01_full_Sprite74.uasset" 705
"../../../../../../anirul/Documents/Unreal Projects/Lost/Content/Sprite/universal-lpc-sprite_male_01_full_Sprite73.uasset" 706
"../../../../../../anirul/Documents/Unreal Projects/Lost/Content/Sprite/universal-lpc-sprite_male_01_full_Sprite72.uasset" 707
"../../../../../../anirul/Documents/Unreal Projects/Lost/Content/Sprite/universal-lpc-sprite_male_01_full_Sprite71.uasset" 708
"../../../../../../anirul/Documents/Unreal Projects/Lost/Content/Sprite/universal-lpc-sprite_male_01_full_Sprite70.uasset" 709
"../../../../../../anirul/Documents/Unreal Projects/Lost/Content/Sprite/universal-lpc-sprite_male_01_full_Sprite7.uasset" 710
"../../../../../../anirul/Documents/Unreal Projects/Lost/Content/Sprite/universal-lpc-sprite_male_01_full_Sprite69.uasset" 711
"../../../../../../anirul/Documents/Unreal Projects/Lost/Content/Sprite/universal-lpc-sprite_male_01_full_Sprite68.uasset" 712
"../../../../../../anirul/Documents/Unreal Projects/Lost/Content/Sprite/universal-lpc-sprite_male_01_full_Sprite67.uasset" 713
"../../../../../../anirul/Documents/Unreal Projects/Lost/Content/Sprite/universal-lpc-sprite_male_01_full_Sprite66.uasset" 714
"../../../../../../anirul/Documents/Unreal Projects/Lost/Content/Sprite/universal-lpc-sprite_male_01_full_Sprite65.uasset" 715
"../../../../../../anirul/Documents/Unreal Projects/Lost/Content/Sprite/universal-lpc-sprite_male_01_full_Sprite64.uasset" 716
"../../../../../../anirul/Documents/Unreal Projects/Lost/Content/Sprite/universal-lpc-sprite_male_01_full_Sprite63.uasset" 717
"../../../../../../anirul/Documents/Unreal Projects/Lost/Content/Sprite/universal-lpc-sprite_male_01_full_Sprite62.uasset" 718
"../../../../../../anirul/Documents/Unreal Projects/Lost/Content/Sprite/universal-lpc-sprite_male_01_full_Sprite61.uasset" 719
"../../../../../../anirul/Documents/Unreal Projects/Lost/Content/Sprite/universal-lpc-sprite_male_01_full_Sprite60.uasset" 720
"../../../../../../anirul/Documents/Unreal Projects/Lost/Content/Sprite/universal-lpc-sprite_male_01_full_Sprite6.uasset" 721
"../../../../../../anirul/Documents/Unreal Projects/Lost/Content/Sprite/universal-lpc-sprite_male_01_full_Sprite59.uasset" 722
"../../../../../../anirul/Documents/Unreal Projects/Lost/Content/Sprite/universal-lpc-sprite_male_01_full_Sprite58.uasset" 723
"../../../../../../anirul/Documents/Unreal Projects/Lost/Content/Sprite/universal-lpc-sprite_male_01_full_Sprite57.uasset" 724
"../../../../../../anirul/Documents/Unreal Projects/Lost/Content/Sprite/universal-lpc-sprite_male_01_full_Sprite56.uasset" 725
"../../../../../../anirul/Documents/Unreal Projects/Lost/Content/Sprite/universal-lpc-sprite_male_01_full_Sprite55.uasset" 726
"../../../../../../anirul/Documents/Unreal Projects/Lost/Content/Sprite/universal-lpc-sprite_male_01_full_Sprite54.uasset" 727
"../../../../../../anirul/Documents/Unreal Projects/Lost/Content/Sprite/universal-lpc-sprite_male_01_full_Sprite53.uasset" 728
"../../../../../../anirul/Documents/Unreal Projects/Lost/Content/Sprite/universal-lpc-sprite_male_01_full_Sprite52.uasset" 729
"../../../../../../anirul/Documents/Unreal Projects/Lost/Content/Sprite/universal-lpc-sprite_male_01_full_Sprite51.uasset" 730
"../../../../../../anirul/Documents/Unreal Projects/Lost/Content/Sprite/universal-lpc-sprite_male_01_full_Sprite50.uasset" 731
"../../../../../../anirul/Documents/Unreal Projects/Lost/Content/Sprite/universal-lpc-sprite_male_01_full_Sprite5.uasset" 732
"../../../../../../anirul/Documents/Unreal Projects/Lost/Content/Sprite/universal-lpc-sprite_male_01_full_Sprite49.uasset" 733
"../../../../../../anirul/Documents/Unreal Projects/Lost/Content/Sprite/universal-lpc-sprite_male_01_full_Sprite48.uasset" 734
"../../../../../../anirul/Documents/Unreal Projects/Lost/Content/Sprite/universal-lpc-sprite_male_01_full_Sprite47.uasset" 735
"../../../../../../anirul/Documents/Unreal Projects/Lost/Content/Sprite/universal-lpc-sprite_male_01_full_Sprite46.uasset" 736
"../../../../../../anirul/Documents/Unreal Projects/Lost/Content/Sprite/universal-lpc-sprite_male_01_full_Sprite45.uasset" 737
"../../../../../../anirul/Documents/Unreal Projects/Lost/Content/Sprite/universal-lpc-sprite_male_01_full_Sprite44.uasset" 738
"../../../../../../anirul/Documents/Unreal Projects/Lost/Content/Sprite/universal-lpc-sprite_male_01_full_Sprite43.uasset" 739
"../../../../../../anirul/Documents/Unreal Projects/Lost/Content/Sprite/universal-lpc-sprite_male_01_full_Sprite42.uasset" 740
"../../../../../../anirul/Documents/Unreal Projects/Lost/Content/Sprite/universal-lpc-sprite_male_01_full_Sprite41.uasset" 741
"../../../../../../anirul/Documents/Unreal Projects/Lost/Content/Sprite/universal-lpc-sprite_male_01_full_Sprite40.uasset" 742
"../../../../../../anirul/Documents/Unreal Projects/Lost/Content/Sprite/universal-lpc-sprite_male_01_full_Sprite4.uasset" 743
"../../../../../../anirul/Documents/Unreal Projects/Lost/Content/Sprite/universal-lpc-sprite_male_01_full_Sprite39.uasset" 744
"../../../../../../anirul/Documents/Unreal Projects/Lost/Content/Sprite/universal-lpc-sprite_male_01_full_Sprite38.uasset" 745
"../../../../../../anirul/Documents/Unreal Projects/Lost/Content/Sprite/universal-lpc-sprite_male_01_full_Sprite37.uasset" 746
"../../../../../../anirul/Documents/Unreal Projects/Lost/Content/Sprite/universal-lpc-sprite_male_01_full_Sprite36.uasset" 747
"../../../../../../anirul/Documents/Unreal Projects/Lost/Content/Sprite/universal-lpc-sprite_male_01_full_Sprite35.uasset" 748
"../../../../../../anirul/Documents/Unreal Projects/Lost/Content/Sprite/universal-lpc-sprite_male_01_full_Sprite34.uasset" 749
"../../../../../../anirul/Documents/Unreal Projects/Lost/Content/Sprite/universal-lpc-sprite_male_01_full_Sprite33.uasset" 750
"../../../../../../anirul/Documents/Unreal Projects/Lost/Content/Sprite/universal-lpc-sprite_male_01_full_Sprite32.uasset" 751
"../../../../../../anirul/Documents/Unreal Projects/Lost/Content/Sprite/universal-lpc-sprite_male_01_full_Sprite31.uasset" 752
"../../../../../../anirul/Documents/Unreal Projects/Lost/Content/Sprite/universal-lpc-sprite_male_01_full_Sprite30.uasset" 753
"../../../../../../anirul/Documents/Unreal Projects/Lost/Content/Sprite/universal-lpc-sprite_male_01_full_Sprite3.uasset" 754
"../../../../../../anirul/Documents/Unreal Projects/Lost/Content/Sprite/universal-lpc-sprite_male_01_full_Sprite29.uasset" 755
"../../../../../../anirul/Documents/Unreal Projects/Lost/Content/Sprite/universal-lpc-sprite_male_01_full_Sprite28.uasset" 756
"../../../../../../anirul/Documents/Unreal Projects/Lost/Content/Sprite/universal-lpc-sprite_male_01_full_Sprite27.uasset" 757
"../../../../../../anirul/Documents/Unreal Projects/Lost/Content/Sprite/universal-lpc-sprite_male_01_full_Sprite26.uasset" 758
"../../../../../../anirul/Documents/Unreal Projects/Lost/Content/Sprite/universal-lpc-sprite_male_01_full_Sprite25.uasset" 759
"../../../../../../anirul/Documents/Unreal Projects/Lost/Content/Sprite/universal-lpc-sprite_male_01_full_Sprite24.uasset" 760
"../../../../../../anirul/Documents/Unreal Projects/Lost/Content/Sprite/universal-lpc-sprite_male_01_full_Sprite23.uasset" 761
"../../../../../../anirul/Documents/Unreal Projects/Lost/Content/Sprite/universal-lpc-sprite_male_01_full_Sprite22.uasset" 762
"../../../../../../anirul/Documents/Unreal Projects/Lost/Content/Sprite/universal-lpc-sprite_male_01_full_Sprite21.uasset" 763
"../../../../../../anirul/Documents/Unreal Projects/Lost/Content/Sprite/universal-lpc-sprite_male_01_full_Sprite20.uasset" 764
"../../../../../../anirul/Documents/Unreal Projects/Lost/Content/Sprite/universal-lpc-sprite_male_01_full_Sprite2.uasset" 765
"../../../../../../anirul/Documents/Unreal Projects/Lost/Content/Sprite/universal-lpc-sprite_male_01_full_Sprite19.uasset" 766
"../../../../../../anirul/Documents/Unreal Projects/Lost/Content/Sprite/universal-lpc-sprite_male_01_full_Sprite18.uasset" 767
"../../../../../../anirul/Documents/Unreal Projects/Lost/Content/Sprite/universal-lpc-sprite_male_01_full_Sprite178.uasset" 768
"../../../../../../anirul/Documents/Unreal Projects/Lost/Content/Sprite/universal-lpc-sprite_male_01_full_Sprite177.uasset" 769
"../../../../../../anirul/Documents/Unreal Projects/Lost/Content/Sprite/universal-lpc-sprite_male_01_full_Sprite176.uasset" 770
"../../../../../../anirul/Documents/Unreal Projects/Lost/Content/Sprite/universal-lpc-sprite_male_01_full_Sprite175.uasset" 771
"../../../../../../anirul/Documents/Unreal Projects/Lost/Content/Sprite/universal-lpc-sprite_male_01_full_Sprite174.uasset" 772
"../../../../../../anirul/Documents/Unreal Projects/Lost/Content/Sprite/universal-lpc-sprite_male_01_full_Sprite173.uasset" 773
"../../../../../../anirul/Documents/Unreal Projects/Lost/Content/Sprite/universal-lpc-sprite_male_01_full_Sprite172.uasset" 774
"../../../../../../anirul/Documents/Unreal Projects/Lost/Content/Sprite/universal-lpc-sprite_male_01_full_Sprite171.uasset" 775
"../../../../../../anirul/Documents/Unreal Projects/Lost/Content/Sprite/universal-lpc-sprite_male_01_full_Sprite170.uasset" 776
"../../../../../../anirul/Documents/Unreal Projects/Lost/Content/Sprite/universal-lpc-sprite_male_01_full_Sprite17.uasset" 777
"../../../../../../anirul/Documents/Unreal Projects/Lost/Content/Sprite/universal-lpc-sprite_male_01_full_Sprite169.uasset" 778
"../../../../../../anirul/Documents/Unreal Projects/Lost/Content/Sprite/universal-lpc-sprite_male_01_full_Sprite168.uasset" 779
"../../../../../../anirul/Documents/Unreal Projects/Lost/Content/Sprite/universal-lpc-sprite_male_01_full_Sprite167.uasset" 780
"../../../../../../anirul/Documents/Unreal Projects/Lost/Content/Sprite/universal-lpc-sprite_male_01_full_Sprite166.uasset" 781
"../../../../../../anirul/Documents/Unreal Projects/Lost/Content/Sprite/universal-lpc-sprite_male_01_full_Sprite165.uasset" 782
"../../../../../../anirul/Documents/Unreal Projects/Lost/Content/Sprite/universal-lpc-sprite_male_01_full_Sprite164.uasset" 783
"../../../../../../anirul/Documents/Unreal Projects/Lost/Content/Sprite/universal-lpc-sprite_male_01_full_Sprite163.uasset" 784
"../../../../../../anirul/Documents/Unreal Projects/Lost/Content/Sprite/universal-lpc-sprite_male_01_full_Sprite162.uasset" 785
"../../../../../../anirul/Documents/Unreal Projects/Lost/Content/Sprite/universal-lpc-sprite_male_01_full_Sprite161.uasset" 786
"../../../../../../anirul/Documents/Unreal Projects/Lost/Content/Sprite/universal-lpc-sprite_male_01_full_Sprite160.uasset" 787
"../../../../../../anirul/Documents/Unreal Projects/Lost/Content/Sprite/universal-lpc-sprite_male_01_full_Sprite16.uasset" 788
"../../../../../../anirul/Documents/Unreal Projects/Lost/Content/Sprite/universal-lpc-sprite_male_01_full_Sprite159.uasset" 789
"../../../../../../anirul/Documents/Unreal Projects/Lost/Content/Sprite/universal-lpc-sprite_male_01_full_Sprite158.uasset" 790
"../../../../../../anirul/Documents/Unreal Projects/Lost/Content/Sprite/universal-lpc-sprite_male_01_full_Sprite157.uasset" 791
"../../../../../../anirul/Documents/Unreal Projects/Lost/Content/Sprite/universal-lpc-sprite_male_01_full_Sprite156.uasset" 792
"../../../../../../anirul/Documents/Unreal Projects/Lost/Content/Sprite/universal-lpc-sprite_male_01_full_Sprite155.uasset" 793
"../../../../../../anirul/Documents/Unreal Projects/Lost/Content/Sprite/universal-lpc-sprite_male_01_full_Sprite154.uasset" 794
"../../../../../../anirul/Documents/Unreal Projects/Lost/Content/Sprite/universal-lpc-sprite_male_01_full_Sprite153.uasset" 795
"../../../../../../anirul/Documents/Unreal Projects/Lost/Content/Sprite/universal-lpc-sprite_male_01_full_Sprite152.uasset" 796
"../../../../../../anirul/Documents/Unreal Projects/Lost/Content/Sprite/universal-lpc-sprite_male_01_full_Sprite151.uasset" 797
"../../../../../../anirul/Documents/Unreal Projects/Lost/Content/Sprite/universal-lpc-sprite_male_01_full_Sprite150.uasset" 798
"../../../../../../anirul/Documents/Unreal Projects/Lost/Content/Sprite/universal-lpc-sprite_male_01_full_Sprite15.uasset" 799
"../../../../../../anirul/Documents/Unreal Projects/Lost/Content/Sprite/universal-lpc-sprite_male_01_full_Sprite149.uasset" 800
"../../../../../../anirul/Documents/Unreal Projects/Lost/Content/Sprite/universal-lpc-sprite_male_01_full_Sprite148.uasset" 801
"../../../../../../anirul/Documents/Unreal Projects/Lost/Content/Sprite/universal-lpc-sprite_male_01_full_Sprite147.uasset" 802
"../../../../../../anirul/Documents/Unreal Projects/Lost/Content/Sprite/universal-lpc-sprite_male_01_full_Sprite146.uasset" 803
"../../../../../../anirul/Documents/Unreal Projects/Lost/Content/Sprite/universal-lpc-sprite_male_01_full_Sprite145.uasset" 804
"../../../../../../anirul/Documents/Unreal Projects/Lost/Content/Sprite/universal-lpc-sprite_male_01_full_Sprite144.uasset" 805
"../../../../../../anirul/Documents/Unreal Projects/Lost/Content/Sprite/universal-lpc-sprite_male_01_full_Sprite143.uasset" 806
"../../../../../../anirul/Documents/Unreal Projects/Lost/Content/Sprite/universal-lpc-sprite_male_01_full_Sprite142.uasset" 807
"../../../../../../anirul/Documents/Unreal Projects/Lost/Content/Sprite/universal-lpc-sprite_male_01_full_Sprite141.uasset" 808
"../../../../../../anirul/Documents/Unreal Projects/Lost/Content/Sprite/universal-lpc-sprite_male_01_full_Sprite140.uasset" 809
"../../../../../../anirul/Documents/Unreal Projects/Lost/Content/Sprite/universal-lpc-sprite_male_01_full_Sprite14.uasset" 810
"../../../../../../anirul/Documents/Unreal Projects/Lost/Content/Sprite/universal-lpc-sprite_male_01_full_Sprite139.uasset" 811
"../../../../../../anirul/Documents/Unreal Projects/Lost/Content/Sprite/universal-lpc-sprite_male_01_full_Sprite138.uasset" 812
"../../../../../../anirul/Documents/Unreal Projects/Lost/Content/Sprite/universal-lpc-sprite_male_01_full_Sprite137.uasset" 813
"../../../../../../anirul/Documents/Unreal Projects/Lost/Content/Sprite/universal-lpc-sprite_male_01_full_Sprite136.uasset" 814
"../../../../../../anirul/Documents/Unreal Projects/Lost/Content/Sprite/universal-lpc-sprite_male_01_full_Sprite135.uasset" 815
"../../../../../../anirul/Documents/Unreal Projects/Lost/Content/Sprite/universal-lpc-sprite_male_01_full_Sprite134.uasset" 816
"../../../../../../anirul/Documents/Unreal Projects/Lost/Content/Sprite/universal-lpc-sprite_male_01_full_Sprite133.uasset" 817
"../../../../../../anirul/Documents/Unreal Projects/Lost/Content/Sprite/universal-lpc-sprite_male_01_full_Sprite132.uasset" 818
"../../../../../../anirul/Documents/Unreal Projects/Lost/Content/Sprite/universal-lpc-sprite_male_01_full_Sprite131.uasset" 819
"../../../../../../anirul/Documents/Unreal Projects/Lost/Content/Sprite/universal-lpc-sprite_male_01_full_Sprite130.uasset" 820
"../../../../../../anirul/Documents/Unreal Projects/Lost/Content/Sprite/universal-lpc-sprite_male_01_full_Sprite13.uasset" 821
"../../../../../../anirul/Documents/Unreal Projects/Lost/Content/Sprite/universal-lpc-sprite_male_01_full_Sprite129.uasset" 822
"../../../../../../anirul/Documents/Unreal Projects/Lost/Content/Sprite/universal-lpc-sprite_male_01_full_Sprite128.uasset" 823
"../../../../../../anirul/Documents/Unreal Projects/Lost/Content/Sprite/universal-lpc-sprite_male_01_full_Sprite127.uasset" 824
"../../../../../../anirul/Documents/Unreal Projects/Lost/Content/Sprite/universal-lpc-sprite_male_01_full_Sprite126.uasset" 825
"../../../../../../anirul/Documents/Unreal Projects/Lost/Content/Sprite/universal-lpc-sprite_male_01_full_Sprite125.uasset" 826
"../../../../../../anirul/Documents/Unreal Projects/Lost/Content/Sprite/universal-lpc-sprite_male_01_full_Sprite124.uasset" 827
"../../../../../../anirul/Documents/Unreal Projects/Lost/Content/Sprite/universal-lpc-sprite_male_01_full_Sprite123.uasset" 828
"../../../../../../anirul/Documents/Unreal Projects/Lost/Content/Sprite/universal-lpc-sprite_male_01_full_Sprite122.uasset" 829
"../../../../../../anirul/Documents/Unreal Projects/Lost/Content/Sprite/universal-lpc-sprite_male_01_full_Sprite121.uasset" 830
"../../../../../../anirul/Documents/Unreal Projects/Lost/Content/Sprite/universal-lpc-sprite_male_01_full_Sprite120.uasset" 831
"../../../../../../anirul/Documents/Unreal Projects/Lost/Content/Sprite/universal-lpc-sprite_male_01_full_Sprite12.uasset" 832
"../../../../../../anirul/Documents/Unreal Projects/Lost/Content/Sprite/universal-lpc-sprite_male_01_full_Sprite119.uasset" 833
"../../../../../../anirul/Documents/Unreal Projects/Lost/Content/Sprite/universal-lpc-sprite_male_01_full_Sprite118.uasset" 834
"../../../../../../anirul/Documents/Unreal Projects/Lost/Content/Sprite/universal-lpc-sprite_male_01_full_Sprite117.uasset" 835
"../../../../../../anirul/Documents/Unreal Projects/Lost/Content/Sprite/universal-lpc-sprite_male_01_full_Sprite116.uasset" 836
"../../../../../../anirul/Documents/Unreal Projects/Lost/Content/Sprite/universal-lpc-sprite_male_01_full_Sprite115.uasset" 837
"../../../../../../anirul/Documents/Unreal Projects/Lost/Content/Sprite/universal-lpc-sprite_male_01_full_Sprite114.uasset" 838
"../../../../../../anirul/Documents/Unreal Projects/Lost/Content/Sprite/universal-lpc-sprite_male_01_full_Sprite113.uasset" 839
"../../../../../../anirul/Documents/Unreal Projects/Lost/Content/Sprite/universal-lpc-sprite_male_01_full_Sprite112.uasset" 840
"../../../../../../anirul/Documents/Unreal Projects/Lost/Content/Sprite/universal-lpc-sprite_male_01_full_Sprite111.uasset" 841
"../../../../../../anirul/Documents/Unreal Projects/Lost/Content/Sprite/universal-lpc-sprite_male_01_full_Sprite110.uasset" 842
"../../../../../../anirul/Documents/Unreal Projects/Lost/Content/Sprite/universal-lpc-sprite_male_01_full_Sprite11.uasset" 843
"../../../../../../anirul/Documents/Unreal Projects/Lost/Content/Sprite/universal-lpc-sprite_male_01_full_Sprite108.uasset" 844
"../../../../../../anirul/Documents/Unreal Projects/Lost/Content/Sprite/universal-lpc-sprite_male_01_full_Sprite107.uasset" 845
"../../../../../../anirul/Documents/Unreal Projects/Lost/Content/Sprite/universal-lpc-sprite_male_01_full_Sprite106.uasset" 846
"../../../../../../anirul/Documents/Unreal Projects/Lost/Content/Sprite/universal-lpc-sprite_male_01_full_Sprite105.uasset" 847
"../../../../../../anirul/Documents/Unreal Projects/Lost/Content/Sprite/universal-lpc-sprite_male_01_full_Sprite104.uasset" 848
"../../../../../../anirul/Documents/Unreal Projects/Lost/Content/Sprite/universal-lpc-sprite_male_01_full_Sprite103.uasset" 849
"../../../../../../anirul/Documents/Unreal Projects/Lost/Content/Sprite/universal-lpc-sprite_male_01_full_Sprite102.uasset" 850
"../../../../../../anirul/Documents/Unreal Projects/Lost/Content/Sprite/universal-lpc-sprite_male_01_full_Sprite101.uasset" 851
"../../../../../../anirul/Documents/Unreal Projects/Lost/Content/Sprite/universal-lpc-sprite_male_01_full_Sprite100.uasset" 852
"../../../../../../anirul/Documents/Unreal Projects/Lost/Content/Sprite/universal-lpc-sprite_male_01_full_Sprite10.uasset" 853
"../../../../../../anirul/Documents/Unreal Projects/Lost/Content/Sprite/universal-lpc-sprite_male_01_full_Sprite.uasset" 854
"../../../../../../anirul/Documents/Unreal Projects/Lost/Content/Character/HeroTPP_Skeleton.uasset" 855
"../../../../../../anirul/Documents/Unreal Projects/Lost/Content/Character/HeroTPP.uasset" 856
"../../../../../../anirul/Documents/Unreal Projects/Lost/Content/Blueprints/Fruit.uasset" 857
